INFO SwingWorker-pool-2-thread-4 org.cimmyt.cril.ibwb.provider.helpers.HelperVariate - Filling variate: BandLeaSheathBlight1_5  VariateId: -417
INFO SwingWorker-pool-2-thread-4 org.cimmyt.cril.ibwb.provider.helpers.HelperVariate - Filling variate: StalkRotusGramNum(1)  VariateId: -420
INFO SwingWorker-pool-2-thread-4 org.cimmyt.cril.ibwb.provider.helpers.HelperVariate - Filling variate: StalkRotPythiumNum  VariateId: -423
INFO SwingWorker-pool-2-thread-4 org.cimmyt.cril.ibwb.provider.helpers.HelperVariate - Filling variate: Striga1_5  VariateId: -426
INFO SwingWorker-pool-2-thread-4 org.cimmyt.cril.ibwb.provider.helpers.HelperVariate - Filling variate: TropicalRust1_5  VariateId: -429
INFO SwingWorker-pool-2-thread-4 org.cimmyt.cril.ibwb.provider.helpers.HelperVariate - Filling variate: TryptophanPer_WholeGrain  VariateId: -432
INFO SwingWorker-pool-2-thread-4 org.cimmyt.cril.ibwb.provider.helpers.HelperVariate - Filling variate: LysinePer_WholeGrain  VariateId: -435
INFO SwingWorker-pool-2-thread-4 org.cimmyt.cril.ibwb.provider.helpers.HelperVariate - Filling variate: ProteinPer_WholeGrain  VariateId: -438
INFO SwingWorker-pool-2-thread-4 org.cimmyt.cril.ibwb.provider.helpers.HelperVariate - Filling variate: ArmyWorm1_5  VariateId: -441
INFO SwingWorker-pool-2-thread-4 org.cimmyt.cril.ibwb.provider.helpers.HelperVariate - Filling variate: EarWormCm  VariateId: -444
INFO SwingWorker-pool-2-thread-4 org.cimmyt.cril.ibwb.provider.helpers.HelperVariate - Filling variate: StemBorer1_5(1)  VariateId: -447
INFO SwingWorker-pool-2-thread-4 org.cimmyt.cril.ibwb.provider.helpers.HelperVariate - Filling variate: LargeGrainBorer1_5  VariateId: -450
INFO SwingWorker-pool-2-thread-4 org.cimmyt.cril.ibwb.provider.helpers.HelperVariate - Filling variate: MaizeWeevil1_5  VariateId: -453
INFO SwingWorker-pool-2-thread-4 org.cimmyt.cril.ibwb.provider.helpers.HelperVariate - Filling variate: WeevilTotNum  VariateId: -456
INFO SwingWorker-pool-2-thread-4 org.cimmyt.cril.ibwb.provider.helpers.HelperVariate - Filling variate: WeevilWtLossPer  VariateId: -459
INFO SwingWorker-pool-2-thread-4 org.cimmyt.cril.ibwb.provider.helpers.HelperVariate - Filling variate: LeaRolling1_5(1)  VariateId: -462
INFO SwingWorker-pool-2-thread-4 org.cimmyt.cril.ibwb.provider.helpers.HelperVariate - Filling variate: LeaRolling1_5(2)  VariateId: -465
INFO SwingWorker-pool-2-thread-4 org.cimmyt.cril.ibwb.provider.helpers.HelperVariate - Filling variate: LeaRolling1_5(3)  VariateId: -468
INFO SwingWorker-pool-2-thread-4 org.cimmyt.cril.ibwb.provider.helpers.HelperVariate - Filling variate: Senescence0_100(1)  VariateId: -471
INFO SwingWorker-pool-2-thread-4 org.cimmyt.cril.ibwb.provider.helpers.HelperVariate - Filling variate: Senescence0_100(2)  VariateId: -474
INFO SwingWorker-pool-2-thread-4 org.cimmyt.cril.ibwb.provider.helpers.HelperVariate - Filling variate: Senescence0_100(3)  VariateId: -477
INFO SwingWorker-pool-2-thread-4 org.cimmyt.cril.ibwb.provider.helpers.HelperVariate - Filling variate: Spad(1)  VariateId: -480
INFO SwingWorker-pool-2-thread-4 org.cimmyt.cril.ibwb.provider.helpers.HelperVariate - Filling variate: Spad(2)  VariateId: -483
INFO SwingWorker-pool-2-thread-4 org.cimmyt.cril.ibwb.provider.helpers.HelperVariate - Filling variate: Spad(3)  VariateId: -486
INFO SwingWorker-pool-2-thread-4 org.cimmyt.cril.ibwb.provider.helpers.HelperWorkbookRead - Filling Study Conditions Data....
INFO SwingWorker-pool-2-thread-4 org.cimmyt.cril.ibwb.provider.helpers.HelperWorkbookRead - Filling Study Conditions DONE!!!!
INFO SwingWorker-pool-2-thread-4 org.cimmyt.cril.ibwb.provider.helpers.HelperWorkbookRead - Filling Trial Conditions Data....
INFO SwingWorker-pool-2-thread-4 org.cimmyt.cril.ibwb.provider.helpers.HelperWorkbookRead - Filling Trial Conditions DONE!!!!....
INFO SwingWorker-pool-2-thread-4 org.cimmyt.cril.ibwb.provider.helpers.HelperWorkbookRead - Filling Trial Germplasm Data....
INFO SwingWorker-pool-2-thread-4 org.cimmyt.cril.ibwb.provider.helpers.HelperWorkbookRead - Filling Trial Germplasm DONE!!!
INFO SwingWorker-pool-2-thread-4 org.cimmyt.cril.ibwb.provider.helpers.HelperWorkbookRead - Filling Observations Data....
INFO SwingWorker-pool-2-thread-4 org.cimmyt.cril.ibwb.provider.helpers.HelperWorkbookRead - filling FactorLabelData... 
INFO SwingWorker-pool-2-thread-4 org.cimmyt.cril.ibwb.provider.dao.helpers.HelperWorkbookReader - Getting trial randomization fast
INFO SwingWorker-pool-2-thread-4 org.cimmyt.cril.ibwb.provider.dao.helpers.HelperWorkbookReader - Definiendo orden de busquedas
INFO SwingWorker-pool-2-thread-4 org.cimmyt.cril.ibwb.provider.dao.helpers.HelperWorkbookReader - Getting trial randomization fast.... DONE
INFO SwingWorker-pool-2-thread-4 org.cimmyt.cril.ibwb.provider.dao.helpers.HelperWorkbookReader - Getting variates fast....
INFO SwingWorker-pool-2-thread-4 org.cimmyt.cril.ibwb.provider.dao.helpers.HelperWorkbookReader - Getting variates fast.... DONE
INFO SwingWorker-pool-2-thread-4 org.cimmyt.cril.ibwb.provider.helpers.HelperWorkbookRead - filling FactorLabelData DONE... 
INFO SwingWorker-pool-2-thread-4 org.cimmyt.cril.ibwb.provider.helpers.HelperWorkbookRead - Filling Observations Data DONE!!!
INFO SwingWorker-pool-2-thread-5 org.cimmyt.cril.ibwb.provider.helpers.HelperWorkbookRead - Read study full: -5
INFO SwingWorker-pool-2-thread-5 org.cimmyt.cril.ibwb.provider.helpers.HelperWorkbookRead - Read list all factors.
INFO SwingWorker-pool-2-thread-5 org.cimmyt.cril.ibwb.provider.helpers.HelperEffect - Effect vale : -7 factorid: -270
INFO SwingWorker-pool-2-thread-5 org.cimmyt.cril.ibwb.provider.helpers.HelperEffect - Effect vale : -7 factorid: -291
INFO SwingWorker-pool-2-thread-5 org.cimmyt.cril.ibwb.provider.helpers.HelperEffect - Effect vale : -7 factorid: -306
INFO SwingWorker-pool-2-thread-5 org.cimmyt.cril.ibwb.provider.helpers.HelperEffect - Effect vale : -6 factorid: -243
INFO SwingWorker-pool-2-thread-5 org.cimmyt.cril.ibwb.provider.helpers.HelperFactor - Factor Name: STUDY   FactorId: 0
INFO SwingWorker-pool-2-thread-5 org.cimmyt.cril.ibwb.provider.helpers.HelperFactor - Cargando Measuredin con tid: 2010 scaleid: 6000 tmethid: 4030
INFO SwingWorker-pool-2-thread-5 org.cimmyt.cril.ibwb.provider.helpers.HelperFactor - Factor Name: TRIAL   FactorId: 0
INFO SwingWorker-pool-2-thread-5 org.cimmyt.cril.ibwb.provider.helpers.HelperFactor - Cargando Measuredin con tid: 2100 scaleid: 6040 tmethid: 4040
INFO SwingWorker-pool-2-thread-5 org.cimmyt.cril.ibwb.provider.helpers.HelperFactor - Factor Name: ENTRY   FactorId: 0
INFO SwingWorker-pool-2-thread-5 org.cimmyt.cril.ibwb.provider.helpers.HelperFactor - Cargando Measuredin con tid: 2200 scaleid: 6040 tmethid: 4040
INFO SwingWorker-pool-2-thread-5 org.cimmyt.cril.ibwb.provider.helpers.HelperFactor - Factor Name: PLOT   FactorId: 0
INFO SwingWorker-pool-2-thread-5 org.cimmyt.cril.ibwb.provider.helpers.HelperFactor - Cargando Measuredin con tid: 2120 scaleid: 6040 tmethid: 4040
INFO SwingWorker-pool-2-thread-5 org.cimmyt.cril.ibwb.provider.helpers.HelperFactor - Factor Name: STUDY   FactorId: -193
INFO SwingWorker-pool-2-thread-5 org.cimmyt.cril.ibwb.provider.helpers.HelperFactor - Cargando Measuredin con tid: 2010 scaleid: 6000 tmethid: 4030
INFO SwingWorker-pool-2-thread-5 org.cimmyt.cril.ibwb.provider.helpers.HelperFactor - Cargando levels del factor: STUDY labelid: -193
INFO SwingWorker-pool-2-thread-5 org.cimmyt.cril.ibwb.provider.helpers.HelperFactor - Level tipo C.
INFO SwingWorker-pool-2-thread-5 org.cimmyt.cril.ibwb.provider.helpers.HelperFactor - Factor Name: PIID   FactorId: -193
INFO SwingWorker-pool-2-thread-5 org.cimmyt.cril.ibwb.provider.helpers.HelperFactor - Cargando Measuredin con tid: 2080 scaleid: 6010 tmethid: 4030
INFO SwingWorker-pool-2-thread-5 org.cimmyt.cril.ibwb.provider.helpers.HelperFactor - Cargando levels del factor: PIID labelid: -219
INFO SwingWorker-pool-2-thread-5 org.cimmyt.cril.ibwb.provider.helpers.HelperFactor - Level tipo N.
INFO SwingWorker-pool-2-thread-5 org.cimmyt.cril.ibwb.provider.helpers.HelperFactor - Factor Name: PI Name   FactorId: -193
INFO SwingWorker-pool-2-thread-5 org.cimmyt.cril.ibwb.provider.helpers.HelperFactor - Cargando Measuredin con tid: 2080 scaleid: 6000 tmethid: 4030
INFO SwingWorker-pool-2-thread-5 org.cimmyt.cril.ibwb.provider.helpers.HelperFactor - Cargando levels del factor: PI Name labelid: -231
INFO SwingWorker-pool-2-thread-5 org.cimmyt.cril.ibwb.provider.helpers.HelperFactor - Level tipo C.
INFO SwingWorker-pool-2-thread-5 org.cimmyt.cril.ibwb.provider.helpers.HelperFactor - Factor Name: PI ID   FactorId: -193
INFO SwingWorker-pool-2-thread-5 org.cimmyt.cril.ibwb.provider.helpers.HelperFactor - Cargando Measuredin con tid: 2080 scaleid: 6010 tmethid: 4030
INFO SwingWorker-pool-2-thread-5 org.cimmyt.cril.ibwb.provider.helpers.HelperFactor - Cargando levels del factor: PI ID labelid: -234
INFO SwingWorker-pool-2-thread-5 org.cimmyt.cril.ibwb.provider.helpers.HelperFactor - Level tipo N.
INFO SwingWorker-pool-2-thread-5 org.cimmyt.cril.ibwb.provider.helpers.HelperFactor - Factor Name: TRIAL   FactorId: -243
INFO SwingWorker-pool-2-thread-5 org.cimmyt.cril.ibwb.provider.helpers.HelperFactor - Cargando Measuredin con tid: 2100 scaleid: 6040 tmethid: 4040
INFO SwingWorker-pool-2-thread-5 org.cimmyt.cril.ibwb.provider.helpers.HelperFactor - Cargando levels del factor: TRIAL labelid: -243
INFO SwingWorker-pool-2-thread-5 org.cimmyt.cril.ibwb.provider.helpers.HelperFactor - Level tipo N.
INFO SwingWorker-pool-2-thread-5 org.cimmyt.cril.ibwb.provider.helpers.HelperFactor - Factor Name: SITE   FactorId: -243
INFO SwingWorker-pool-2-thread-5 org.cimmyt.cril.ibwb.provider.helpers.HelperFactor - Cargando Measuredin con tid: 2110 scaleid: 6000 tmethid: 4030
INFO SwingWorker-pool-2-thread-5 org.cimmyt.cril.ibwb.provider.helpers.HelperFactor - Cargando levels del factor: SITE labelid: -246
INFO SwingWorker-pool-2-thread-5 org.cimmyt.cril.ibwb.provider.helpers.HelperFactor - Level tipo C.
INFO SwingWorker-pool-2-thread-5 org.cimmyt.cril.ibwb.provider.helpers.HelperFactor - Factor Name: SITE ID   FactorId: -243
INFO SwingWorker-pool-2-thread-5 org.cimmyt.cril.ibwb.provider.helpers.HelperFactor - Cargando Measuredin con tid: 2110 scaleid: 6010 tmethid: 4030
INFO SwingWorker-pool-2-thread-5 org.cimmyt.cril.ibwb.provider.helpers.HelperFactor - Cargando levels del factor: SITE ID labelid: -249
INFO SwingWorker-pool-2-thread-5 org.cimmyt.cril.ibwb.provider.helpers.HelperFactor - Level tipo N.
INFO SwingWorker-pool-2-thread-5 org.cimmyt.cril.ibwb.provider.helpers.HelperFactor - Factor Name: PlantingDate   FactorId: -243
INFO SwingWorker-pool-2-thread-5 org.cimmyt.cril.ibwb.provider.helpers.HelperFactor - Cargando Measuredin con tid: -35 scaleid: 20208 tmethid: -34
INFO SwingWorker-pool-2-thread-5 org.cimmyt.cril.ibwb.provider.helpers.HelperFactor - Cargando levels del factor: PlantingDate labelid: -252
INFO SwingWorker-pool-2-thread-5 org.cimmyt.cril.ibwb.provider.helpers.HelperFactor - Level tipo C.
INFO SwingWorker-pool-2-thread-5 org.cimmyt.cril.ibwb.provider.helpers.HelperFactor - Factor Name: Season   FactorId: -243
INFO SwingWorker-pool-2-thread-5 org.cimmyt.cril.ibwb.provider.helpers.HelperFactor - Cargando Measuredin con tid: 2452 scaleid: 6020 tmethid: -34
INFO SwingWorker-pool-2-thread-5 org.cimmyt.cril.ibwb.provider.helpers.HelperFactor - Cargando levels del factor: Season labelid: -255
INFO SwingWorker-pool-2-thread-5 org.cimmyt.cril.ibwb.provider.helpers.HelperFactor - Level tipo C.
INFO SwingWorker-pool-2-thread-5 org.cimmyt.cril.ibwb.provider.helpers.HelperFactor - Factor Name: BreedingProg   FactorId: -243
INFO SwingWorker-pool-2-thread-5 org.cimmyt.cril.ibwb.provider.helpers.HelperFactor - Cargando Measuredin con tid: -38 scaleid: 6020 tmethid: -34
INFO SwingWorker-pool-2-thread-5 org.cimmyt.cril.ibwb.provider.helpers.HelperFactor - Cargando levels del factor: BreedingProg labelid: -258
INFO SwingWorker-pool-2-thread-5 org.cimmyt.cril.ibwb.provider.helpers.HelperFactor - Level tipo C.
INFO SwingWorker-pool-2-thread-5 org.cimmyt.cril.ibwb.provider.helpers.HelperFactor - Factor Name: Harvest Date   FactorId: -243
INFO SwingWorker-pool-2-thread-5 org.cimmyt.cril.ibwb.provider.helpers.HelperFactor - Cargando Measuredin con tid: -40 scaleid: 20208 tmethid: -34
INFO SwingWorker-pool-2-thread-5 org.cimmyt.cril.ibwb.provider.helpers.HelperFactor - Cargando levels del factor: Harvest Date labelid: -261
INFO SwingWorker-pool-2-thread-5 org.cimmyt.cril.ibwb.provider.helpers.HelperFactor - Level tipo N.
INFO SwingWorker-pool-2-thread-5 org.cimmyt.cril.ibwb.provider.helpers.HelperFactor - Factor Name: TRIAL   FactorId: -270
INFO SwingWorker-pool-2-thread-5 org.cimmyt.cril.ibwb.provider.helpers.HelperFactor - Cargando Measuredin con tid: 2100 scaleid: 6040 tmethid: 4040
INFO SwingWorker-pool-2-thread-5 org.cimmyt.cril.ibwb.provider.helpers.HelperFactor - Cargando levels del factor: TRIAL labelid: -270
INFO SwingWorker-pool-2-thread-5 org.cimmyt.cril.ibwb.provider.helpers.HelperFactor - Level tipo N.
INFO SwingWorker-pool-2-thread-5 org.cimmyt.cril.ibwb.provider.helpers.HelperFactor - Factor Name: SITE   FactorId: -270
INFO SwingWorker-pool-2-thread-5 org.cimmyt.cril.ibwb.provider.helpers.HelperFactor - Cargando Measuredin con tid: 2110 scaleid: 6000 tmethid: 4030
INFO SwingWorker-pool-2-thread-5 org.cimmyt.cril.ibwb.provider.helpers.HelperFactor - Cargando levels del factor: SITE labelid: -273
INFO SwingWorker-pool-2-thread-5 org.cimmyt.cril.ibwb.provider.helpers.HelperFactor - Level tipo C.
INFO SwingWorker-pool-2-thread-5 org.cimmyt.cril.ibwb.provider.helpers.HelperFactor - Factor Name: SITE ID   FactorId: -270
INFO SwingWorker-pool-2-thread-5 org.cimmyt.cril.ibwb.provider.helpers.HelperFactor - Cargando Measuredin con tid: 2110 scaleid: 6010 tmethid: 4030
INFO SwingWorker-pool-2-thread-5 org.cimmyt.cril.ibwb.provider.helpers.HelperFactor - Cargando levels del factor: SITE ID labelid: -276
INFO SwingWorker-pool-2-thread-5 org.cimmyt.cril.ibwb.provider.helpers.HelperFactor - Level tipo N.
INFO SwingWorker-pool-2-thread-5 org.cimmyt.cril.ibwb.provider.helpers.HelperFactor - Factor Name: PlantingDate   FactorId: -270
INFO SwingWorker-pool-2-thread-5 org.cimmyt.cril.ibwb.provider.helpers.HelperFactor - Cargando Measuredin con tid: -35 scaleid: 20208 tmethid: -34
INFO SwingWorker-pool-2-thread-5 org.cimmyt.cril.ibwb.provider.helpers.HelperFactor - Cargando levels del factor: PlantingDate labelid: -279
INFO SwingWorker-pool-2-thread-5 org.cimmyt.cril.ibwb.provider.helpers.HelperFactor - Level tipo C.
INFO SwingWorker-pool-2-thread-5 org.cimmyt.cril.ibwb.provider.helpers.HelperFactor - Factor Name: Season   FactorId: -270
INFO SwingWorker-pool-2-thread-5 org.cimmyt.cril.ibwb.provider.helpers.HelperFactor - Cargando Measuredin con tid: 2452 scaleid: 6020 tmethid: -34
INFO SwingWorker-pool-2-thread-5 org.cimmyt.cril.ibwb.provider.helpers.HelperFactor - Cargando levels del factor: Season labelid: -282
INFO SwingWorker-pool-2-thread-5 org.cimmyt.cril.ibwb.provider.helpers.HelperFactor - Level tipo C.
INFO SwingWorker-pool-2-thread-5 org.cimmyt.cril.ibwb.provider.helpers.HelperFactor - Factor Name: BreedingProg   FactorId: -270
INFO SwingWorker-pool-2-thread-5 org.cimmyt.cril.ibwb.provider.helpers.HelperFactor - Cargando Measuredin con tid: -38 scaleid: 6020 tmethid: -34
INFO SwingWorker-pool-2-thread-5 org.cimmyt.cril.ibwb.provider.helpers.HelperFactor - Cargando levels del factor: BreedingProg labelid: -285
INFO SwingWorker-pool-2-thread-5 org.cimmyt.cril.ibwb.provider.helpers.HelperFactor - Level tipo C.
INFO SwingWorker-pool-2-thread-5 org.cimmyt.cril.ibwb.provider.helpers.HelperFactor - Factor Name: Harvest Date   FactorId: -270
INFO SwingWorker-pool-2-thread-5 org.cimmyt.cril.ibwb.provider.helpers.HelperFactor - Cargando Measuredin con tid: -40 scaleid: 20208 tmethid: -34
INFO SwingWorker-pool-2-thread-5 org.cimmyt.cril.ibwb.provider.helpers.HelperFactor - Cargando levels del factor: Harvest Date labelid: -288
INFO SwingWorker-pool-2-thread-5 org.cimmyt.cril.ibwb.provider.helpers.HelperFactor - Level tipo N.
INFO SwingWorker-pool-2-thread-5 org.cimmyt.cril.ibwb.provider.helpers.HelperFactor - Factor Name: ENTRY   FactorId: -291
INFO SwingWorker-pool-2-thread-5 org.cimmyt.cril.ibwb.provider.helpers.HelperFactor - Cargando Measuredin con tid: 2200 scaleid: 6040 tmethid: 4040
INFO SwingWorker-pool-2-thread-5 org.cimmyt.cril.ibwb.provider.helpers.HelperFactor - Cargando levels del factor: ENTRY labelid: -291
INFO SwingWorker-pool-2-thread-5 org.cimmyt.cril.ibwb.provider.helpers.HelperFactor - Level tipo N.
INFO SwingWorker-pool-2-thread-5 org.cimmyt.cril.ibwb.provider.helpers.HelperFactor - Factor Name: GID   FactorId: -291
INFO SwingWorker-pool-2-thread-5 org.cimmyt.cril.ibwb.provider.helpers.HelperFactor - Cargando Measuredin con tid: 2205 scaleid: 6010 tmethid: 4030
INFO SwingWorker-pool-2-thread-5 org.cimmyt.cril.ibwb.provider.helpers.HelperFactor - Cargando levels del factor: GID labelid: -294
INFO SwingWorker-pool-2-thread-5 org.cimmyt.cril.ibwb.provider.helpers.HelperFactor - Level tipo N.
INFO SwingWorker-pool-2-thread-5 org.cimmyt.cril.ibwb.provider.helpers.HelperFactor - Factor Name: DESIG   FactorId: -291
INFO SwingWorker-pool-2-thread-5 org.cimmyt.cril.ibwb.provider.helpers.HelperFactor - Cargando Measuredin con tid: 2205 scaleid: 6000 tmethid: 4030
INFO SwingWorker-pool-2-thread-5 org.cimmyt.cril.ibwb.provider.helpers.HelperFactor - Cargando levels del factor: DESIG labelid: -297
INFO SwingWorker-pool-2-thread-5 org.cimmyt.cril.ibwb.provider.helpers.HelperFactor - Level tipo C.
INFO SwingWorker-pool-2-thread-5 org.cimmyt.cril.ibwb.provider.helpers.HelperFactor - Factor Name: StockID   FactorId: -291
INFO SwingWorker-pool-2-thread-5 org.cimmyt.cril.ibwb.provider.helpers.HelperFactor - Cargando Measuredin con tid: 2208 scaleid: 6030 tmethid: 4030
INFO SwingWorker-pool-2-thread-5 org.cimmyt.cril.ibwb.provider.helpers.HelperFactor - Cargando levels del factor: StockID labelid: -300
INFO SwingWorker-pool-2-thread-5 org.cimmyt.cril.ibwb.provider.helpers.HelperFactor - Level tipo C.
INFO SwingWorker-pool-2-thread-5 org.cimmyt.cril.ibwb.provider.helpers.HelperFactor - Factor Name: BreedersPedigree1   FactorId: -291
INFO SwingWorker-pool-2-thread-5 org.cimmyt.cril.ibwb.provider.helpers.HelperFactor - Cargando Measuredin con tid: 2207 scaleid: 6115 tmethid: -34
INFO SwingWorker-pool-2-thread-5 org.cimmyt.cril.ibwb.provider.helpers.HelperFactor - Cargando levels del factor: BreedersPedigree1 labelid: -303
INFO SwingWorker-pool-2-thread-5 org.cimmyt.cril.ibwb.provider.helpers.HelperFactor - Level tipo C.
INFO SwingWorker-pool-2-thread-5 org.cimmyt.cril.ibwb.provider.helpers.HelperFactor - Factor Name: PLOT   FactorId: -306
INFO SwingWorker-pool-2-thread-5 org.cimmyt.cril.ibwb.provider.helpers.HelperFactor - Cargando Measuredin con tid: 2120 scaleid: 6040 tmethid: 4040
INFO SwingWorker-pool-2-thread-5 org.cimmyt.cril.ibwb.provider.helpers.HelperFactor - Cargando levels del factor: PLOT labelid: -306
INFO SwingWorker-pool-2-thread-5 org.cimmyt.cril.ibwb.provider.helpers.HelperFactor - Level tipo N.
INFO SwingWorker-pool-2-thread-5 org.cimmyt.cril.ibwb.provider.helpers.HelperFactor - Factor Name: REP   FactorId: -306
INFO SwingWorker-pool-2-thread-5 org.cimmyt.cril.ibwb.provider.helpers.HelperFactor - Cargando Measuredin con tid: 2150 scaleid: 6040 tmethid: 4040
INFO SwingWorker-pool-2-thread-5 org.cimmyt.cril.ibwb.provider.helpers.HelperFactor - Cargando levels del factor: REP labelid: -309
INFO SwingWorker-pool-2-thread-5 org.cimmyt.cril.ibwb.provider.helpers.HelperFactor - Level tipo N.
INFO SwingWorker-pool-2-thread-5 org.cimmyt.cril.ibwb.provider.helpers.HelperFactor - Factor Name: BLOCK   FactorId: -306
INFO SwingWorker-pool-2-thread-5 org.cimmyt.cril.ibwb.provider.helpers.HelperFactor - Cargando Measuredin con tid: 2160 scaleid: 6040 tmethid: 4040
INFO SwingWorker-pool-2-thread-5 org.cimmyt.cril.ibwb.provider.helpers.HelperFactor - Cargando levels del factor: BLOCK labelid: -312
INFO SwingWorker-pool-2-thread-5 org.cimmyt.cril.ibwb.provider.helpers.HelperFactor - Level tipo N.
INFO SwingWorker-pool-2-thread-5 org.cimmyt.cril.ibwb.provider.helpers.HelperFactor - Factor Name: FERTLE   FactorId: -306
INFO SwingWorker-pool-2-thread-5 org.cimmyt.cril.ibwb.provider.helpers.HelperFactor - Cargando Measuredin con tid: 2405 scaleid: 6040 tmethid: 4020
INFO SwingWorker-pool-2-thread-5 org.cimmyt.cril.ibwb.provider.helpers.HelperFactor - Cargando levels del factor: FERTLE labelid: -316
INFO SwingWorker-pool-2-thread-5 org.cimmyt.cril.ibwb.provider.helpers.HelperFactor - Level tipo N.
INFO SwingWorker-pool-2-thread-5 org.cimmyt.cril.ibwb.provider.helpers.HelperFactor - Factor Name: FERTAM   FactorId: -306
INFO SwingWorker-pool-2-thread-5 org.cimmyt.cril.ibwb.provider.helpers.HelperFactor - Cargando Measuredin con tid: 2405 scaleid: 6090 tmethid: 4020
INFO SwingWorker-pool-2-thread-5 org.cimmyt.cril.ibwb.provider.helpers.HelperFactor - Cargando levels del factor: FERTAM labelid: -320
INFO SwingWorker-pool-2-thread-5 org.cimmyt.cril.ibwb.provider.helpers.HelperFactor - Level tipo N.
INFO SwingWorker-pool-2-thread-5 org.cimmyt.cril.ibwb.provider.helpers.HelperFactor - Factor Name: TREATMENTA   FactorId: -306
INFO SwingWorker-pool-2-thread-5 org.cimmyt.cril.ibwb.provider.helpers.HelperFactor - Cargando Measuredin con tid: -46 scaleid: 6040 tmethid: 4020
INFO SwingWorker-pool-2-thread-5 org.cimmyt.cril.ibwb.provider.helpers.HelperFactor - Cargando levels del factor: TREATMENTA labelid: -324
INFO SwingWorker-pool-2-thread-5 org.cimmyt.cril.ibwb.provider.helpers.HelperFactor - Level tipo N.
INFO SwingWorker-pool-2-thread-5 org.cimmyt.cril.ibwb.provider.helpers.HelperFactor - Factor Name: TREATMENTA_AMNT   FactorId: -306
INFO SwingWorker-pool-2-thread-5 org.cimmyt.cril.ibwb.provider.helpers.HelperFactor - Cargando Measuredin con tid: -46 scaleid: 6090 tmethid: 4020
INFO SwingWorker-pool-2-thread-5 org.cimmyt.cril.ibwb.provider.helpers.HelperFactor - Cargando levels del factor: TREATMENTA_AMNT labelid: -328
INFO SwingWorker-pool-2-thread-5 org.cimmyt.cril.ibwb.provider.helpers.HelperFactor - Level tipo N.
INFO SwingWorker-pool-2-thread-5 org.cimmyt.cril.ibwb.provider.helpers.HelperFactor - Factor Name: TREATMENTB   FactorId: -306
INFO SwingWorker-pool-2-thread-5 org.cimmyt.cril.ibwb.provider.helpers.HelperFactor - Cargando Measuredin con tid: -49 scaleid: 6040 tmethid: 4020
INFO SwingWorker-pool-2-thread-5 org.cimmyt.cril.ibwb.provider.helpers.HelperFactor - Cargando levels del factor: TREATMENTB labelid: -332
INFO SwingWorker-pool-2-thread-5 org.cimmyt.cril.ibwb.provider.helpers.HelperFactor - Level tipo N.
INFO SwingWorker-pool-2-thread-5 org.cimmyt.cril.ibwb.provider.helpers.HelperFactor - Factor Name: TREATMENTB_AMNT   FactorId: -306
INFO SwingWorker-pool-2-thread-5 org.cimmyt.cril.ibwb.provider.helpers.HelperFactor - Cargando Measuredin con tid: -49 scaleid: 6090 tmethid: 4020
INFO SwingWorker-pool-2-thread-5 org.cimmyt.cril.ibwb.provider.helpers.HelperFactor - Cargando levels del factor: TREATMENTB_AMNT labelid: -336
INFO SwingWorker-pool-2-thread-5 org.cimmyt.cril.ibwb.provider.helpers.HelperFactor - Level tipo N.
INFO SwingWorker-pool-2-thread-5 org.cimmyt.cril.ibwb.provider.helpers.HelperEffect - Effect vale : -7 factorid: -270
INFO SwingWorker-pool-2-thread-5 org.cimmyt.cril.ibwb.provider.helpers.HelperEffect - Effect vale : -7 factorid: -291
INFO SwingWorker-pool-2-thread-5 org.cimmyt.cril.ibwb.provider.helpers.HelperEffect - Effect vale : -7 factorid: -306
INFO SwingWorker-pool-2-thread-5 org.cimmyt.cril.ibwb.provider.helpers.HelperEffect - Effect vale : -6 factorid: -243
INFO SwingWorker-pool-2-thread-5 org.cimmyt.cril.ibwb.provider.helpers.HelperFactor - Factor Name: STUDY   FactorId: 0
INFO SwingWorker-pool-2-thread-5 org.cimmyt.cril.ibwb.provider.helpers.HelperFactor - Cargando Measuredin con tid: 2010 scaleid: 6000 tmethid: 4030
INFO SwingWorker-pool-2-thread-5 org.cimmyt.cril.ibwb.provider.helpers.HelperFactor - Factor Name: TRIAL   FactorId: 0
INFO SwingWorker-pool-2-thread-5 org.cimmyt.cril.ibwb.provider.helpers.HelperFactor - Cargando Measuredin con tid: 2100 scaleid: 6040 tmethid: 4040
INFO SwingWorker-pool-2-thread-5 org.cimmyt.cril.ibwb.provider.helpers.HelperFactor - Factor Name: ENTRY   FactorId: 0
INFO SwingWorker-pool-2-thread-5 org.cimmyt.cril.ibwb.provider.helpers.HelperFactor - Cargando Measuredin con tid: 2200 scaleid: 6040 tmethid: 4040
INFO SwingWorker-pool-2-thread-5 org.cimmyt.cril.ibwb.provider.helpers.HelperFactor - Factor Name: PLOT   FactorId: 0
INFO SwingWorker-pool-2-thread-5 org.cimmyt.cril.ibwb.provider.helpers.HelperFactor - Cargando Measuredin con tid: 2120 scaleid: 6040 tmethid: 4040
INFO SwingWorker-pool-2-thread-5 org.cimmyt.cril.ibwb.provider.helpers.HelperWorkbookRead - fill all variate as traits
INFO SwingWorker-pool-2-thread-5 org.cimmyt.cril.ibwb.provider.helpers.HelperVariate - Filling variate: GY  VariateId: -339
INFO SwingWorker-pool-2-thread-5 org.cimmyt.cril.ibwb.provider.helpers.HelperVariate - Filling variate: AnthesisDate  VariateId: -342
INFO SwingWorker-pool-2-thread-5 org.cimmyt.cril.ibwb.provider.helpers.HelperVariate - Filling variate: DaysToSilk  VariateId: -345
INFO SwingWorker-pool-2-thread-5 org.cimmyt.cril.ibwb.provider.helpers.HelperVariate - Filling variate: PlantHeightCm  VariateId: -348
INFO SwingWorker-pool-2-thread-5 org.cimmyt.cril.ibwb.provider.helpers.HelperVariate - Filling variate: EarHeightCm  VariateId: -351
INFO SwingWorker-pool-2-thread-5 org.cimmyt.cril.ibwb.provider.helpers.HelperVariate - Filling variate: EndospermHardness1_5  VariateId: -354
INFO SwingWorker-pool-2-thread-5 org.cimmyt.cril.ibwb.provider.helpers.HelperVariate - Filling variate: GrainTexture1_5  VariateId: -357
INFO SwingWorker-pool-2-thread-5 org.cimmyt.cril.ibwb.provider.helpers.HelperVariate - Filling variate: EarAspect1_5  VariateId: -360
INFO SwingWorker-pool-2-thread-5 org.cimmyt.cril.ibwb.provider.helpers.HelperVariate - Filling variate: GrainMoisturePer  VariateId: -363
INFO SwingWorker-pool-2-thread-5 org.cimmyt.cril.ibwb.provider.helpers.HelperVariate - Filling variate: PlantAspect1_5  VariateId: -366
INFO SwingWorker-pool-2-thread-5 org.cimmyt.cril.ibwb.provider.helpers.HelperVariate - Filling variate: PolysoraRust1_5  VariateId: -369
INFO SwingWorker-pool-2-thread-5 org.cimmyt.cril.ibwb.provider.helpers.HelperVariate - Filling variate: ChuponNum  VariateId: -372
INFO SwingWorker-pool-2-thread-5 org.cimmyt.cril.ibwb.provider.helpers.HelperVariate - Filling variate: Aphid1_5  VariateId: -375
INFO SwingWorker-pool-2-thread-5 org.cimmyt.cril.ibwb.provider.helpers.HelperVariate - Filling variate: BrownSpot1_5  VariateId: -378
INFO SwingWorker-pool-2-thread-5 org.cimmyt.cril.ibwb.provider.helpers.HelperVariate - Filling variate: CornStuntSpiroplasma1_5  VariateId: -381
INFO SwingWorker-pool-2-thread-5 org.cimmyt.cril.ibwb.provider.helpers.HelperVariate - Filling variate: MaizeBushyStunt1_5  VariateId: -384
INFO SwingWorker-pool-2-thread-5 org.cimmyt.cril.ibwb.provider.helpers.HelperVariate - Filling variate: EarRotAsp1_5  VariateId: -387
INFO SwingWorker-pool-2-thread-5 org.cimmyt.cril.ibwb.provider.helpers.HelperVariate - Filling variate: EarRotStenoc1_5  VariateId: -390
INFO SwingWorker-pool-2-thread-5 org.cimmyt.cril.ibwb.provider.helpers.HelperVariate - Filling variate: Aspergillus_lavus1_5  VariateId: -393
INFO SwingWorker-pool-2-thread-5 org.cimmyt.cril.ibwb.provider.helpers.HelperVariate - Filling variate: Aspergillus_lavusPPB  VariateId: -396
INFO SwingWorker-pool-2-thread-5 org.cimmyt.cril.ibwb.provider.helpers.HelperVariate - Filling variate: PhaesLeaSpot1_5(1)  VariateId: -399
INFO SwingWorker-pool-2-thread-5 org.cimmyt.cril.ibwb.provider.helpers.HelperVariate - Filling variate: CommonRust1_5(1)  VariateId: -402
INFO SwingWorker-pool-2-thread-5 org.cimmyt.cril.ibwb.provider.helpers.HelperVariate - Filling variate: TarspotComplex1_5  VariateId: -405
INFO SwingWorker-pool-2-thread-5 org.cimmyt.cril.ibwb.provider.helpers.HelperVariate - Filling variate: GrayLeaSpot1_5(1)  VariateId: -408
INFO SwingWorker-pool-2-thread-5 org.cimmyt.cril.ibwb.provider.helpers.HelperVariate - Filling variate: VirusMaizeStreak1_5(1)  VariateId: -411
INFO SwingWorker-pool-2-thread-5 org.cimmyt.cril.ibwb.provider.helpers.HelperVariate - Filling variate: CurvulariaLeaSpot1_5  VariateId: -414
INFO SwingWorker-pool-2-thread-5 org.cimmyt.cril.ibwb.provider.helpers.HelperVariate - Filling variate: BandLeaSheathBlight1_5  VariateId: -417
INFO SwingWorker-pool-2-thread-5 org.cimmyt.cril.ibwb.provider.helpers.HelperVariate - Filling variate: StalkRotusGramNum(1)  VariateId: -420
INFO SwingWorker-pool-2-thread-5 org.cimmyt.cril.ibwb.provider.helpers.HelperVariate - Filling variate: StalkRotPythiumNum  VariateId: -423
INFO SwingWorker-pool-2-thread-5 org.cimmyt.cril.ibwb.provider.helpers.HelperVariate - Filling variate: Striga1_5  VariateId: -426
INFO SwingWorker-pool-2-thread-5 org.cimmyt.cril.ibwb.provider.helpers.HelperVariate - Filling variate: TropicalRust1_5  VariateId: -429
INFO SwingWorker-pool-2-thread-5 org.cimmyt.cril.ibwb.provider.helpers.HelperVariate - Filling variate: TryptophanPer_WholeGrain  VariateId: -432
INFO SwingWorker-pool-2-thread-5 org.cimmyt.cril.ibwb.provider.helpers.HelperVariate - Filling variate: LysinePer_WholeGrain  VariateId: -435
INFO SwingWorker-pool-2-thread-5 org.cimmyt.cril.ibwb.provider.helpers.HelperVariate - Filling variate: ProteinPer_WholeGrain  VariateId: -438
INFO SwingWorker-pool-2-thread-5 org.cimmyt.cril.ibwb.provider.helpers.HelperVariate - Filling variate: ArmyWorm1_5  VariateId: -441
INFO SwingWorker-pool-2-thread-5 org.cimmyt.cril.ibwb.provider.helpers.HelperVariate - Filling variate: EarWormCm  VariateId: -444
INFO SwingWorker-pool-2-thread-5 org.cimmyt.cril.ibwb.provider.helpers.HelperVariate - Filling variate: StemBorer1_5(1)  VariateId: -447
INFO SwingWorker-pool-2-thread-5 org.cimmyt.cril.ibwb.provider.helpers.HelperVariate - Filling variate: LargeGrainBorer1_5  VariateId: -450
INFO SwingWorker-pool-2-thread-5 org.cimmyt.cril.ibwb.provider.helpers.HelperVariate - Filling variate: MaizeWeevil1_5  VariateId: -453
INFO SwingWorker-pool-2-thread-5 org.cimmyt.cril.ibwb.provider.helpers.HelperVariate - Filling variate: WeevilTotNum  VariateId: -456
INFO SwingWorker-pool-2-thread-5 org.cimmyt.cril.ibwb.provider.helpers.HelperVariate - Filling variate: WeevilWtLossPer  VariateId: -459
INFO SwingWorker-pool-2-thread-5 org.cimmyt.cril.ibwb.provider.helpers.HelperVariate - Filling variate: LeaRolling1_5(1)  VariateId: -462
INFO SwingWorker-pool-2-thread-5 org.cimmyt.cril.ibwb.provider.helpers.HelperVariate - Filling variate: LeaRolling1_5(2)  VariateId: -465
INFO SwingWorker-pool-2-thread-5 org.cimmyt.cril.ibwb.provider.helpers.HelperVariate - Filling variate: LeaRolling1_5(3)  VariateId: -468
INFO SwingWorker-pool-2-thread-5 org.cimmyt.cril.ibwb.provider.helpers.HelperVariate - Filling variate: Senescence0_100(1)  VariateId: -471
INFO SwingWorker-pool-2-thread-5 org.cimmyt.cril.ibwb.provider.helpers.HelperVariate - Filling variate: Senescence0_100(2)  VariateId: -474
INFO SwingWorker-pool-2-thread-5 org.cimmyt.cril.ibwb.provider.helpers.HelperVariate - Filling variate: Senescence0_100(3)  VariateId: -477
INFO SwingWorker-pool-2-thread-5 org.cimmyt.cril.ibwb.provider.helpers.HelperVariate - Filling variate: Spad(1)  VariateId: -480
INFO SwingWorker-pool-2-thread-5 org.cimmyt.cril.ibwb.provider.helpers.HelperVariate - Filling variate: Spad(2)  VariateId: -483
INFO SwingWorker-pool-2-thread-5 org.cimmyt.cril.ibwb.provider.helpers.HelperVariate - Filling variate: Spad(3)  VariateId: -486
INFO SwingWorker-pool-2-thread-5 org.cimmyt.cril.ibwb.provider.helpers.HelperWorkbookRead - Filling Study Conditions Data....
INFO SwingWorker-pool-2-thread-5 org.cimmyt.cril.ibwb.provider.helpers.HelperWorkbookRead - Filling Study Conditions DONE!!!!
INFO SwingWorker-pool-2-thread-5 org.cimmyt.cril.ibwb.provider.helpers.HelperWorkbookRead - Filling Trial Conditions Data....
INFO SwingWorker-pool-2-thread-5 org.cimmyt.cril.ibwb.provider.helpers.HelperWorkbookRead - Filling Trial Conditions DONE!!!!....
INFO SwingWorker-pool-2-thread-5 org.cimmyt.cril.ibwb.provider.helpers.HelperWorkbookRead - Filling Trial Germplasm Data....
INFO SwingWorker-pool-2-thread-5 org.cimmyt.cril.ibwb.provider.helpers.HelperWorkbookRead - Filling Trial Germplasm DONE!!!
INFO SwingWorker-pool-2-thread-5 org.cimmyt.cril.ibwb.provider.helpers.HelperWorkbookRead - Filling Observations Data....
INFO SwingWorker-pool-2-thread-5 org.cimmyt.cril.ibwb.provider.helpers.HelperWorkbookRead - filling FactorLabelData... 
INFO SwingWorker-pool-2-thread-5 org.cimmyt.cril.ibwb.provider.dao.helpers.HelperWorkbookReader - Getting trial randomization fast
INFO SwingWorker-pool-2-thread-5 org.cimmyt.cril.ibwb.provider.dao.helpers.HelperWorkbookReader - Definiendo orden de busquedas
INFO AWT-EventQueue-0 ibfb.workbook.core.WorkbookExcelReaderImpl - Validating Excel file read BEGIN
INFO AWT-EventQueue-0 ibfb.workbook.core.WorkbookExcelReaderImpl - Excel file read BEGIN
INFO AWT-EventQueue-0 ibfb.workbook.core.WorkbookExcelReaderImpl - Opening file...
INFO AWT-EventQueue-0 ibfb.workbook.core.WorkbookExcelReaderImpl - Number of sheets in book2
INFO AWT-EventQueue-0 ibfb.workbook.core.WorkbookExcelReaderImpl - Total study conditions found: 2
INFO AWT-EventQueue-0 ibfb.workbook.core.WorkbookExcelReaderImpl - Total conditions found: 2
INFO AWT-EventQueue-0 ibfb.workbook.core.WorkbookExcelReaderImpl - Total factors found: 7
INFO AWT-EventQueue-0 ibfb.workbook.core.WorkbookExcelReaderImpl - Excel file read END
INFO AWT-EventQueue-0 ibfb.workbook.core.WorkbookExcelReaderImpl - Excel file read BEGIN
INFO AWT-EventQueue-0 ibfb.workbook.core.WorkbookExcelReaderImpl - Opening file...
INFO AWT-EventQueue-0 ibfb.workbook.core.WorkbookExcelReaderImpl - Number of sheets in book2
INFO AWT-EventQueue-0 ibfb.workbook.core.WorkbookExcelReaderImpl - Total study conditions found: 2
INFO AWT-EventQueue-0 ibfb.workbook.core.WorkbookExcelReaderImpl - Total conditions found: 2
INFO AWT-EventQueue-0 ibfb.workbook.core.WorkbookExcelReaderImpl - Total factors found: 7
INFO AWT-EventQueue-0 ibfb.workbook.core.WorkbookExcelReaderImpl - Excel file read END
INFO AWT-EventQueue-0 ibfb.workbook.core.WorkbookExcelReaderImpl - Excel file read BEGIN
INFO AWT-EventQueue-0 ibfb.workbook.core.WorkbookExcelReaderImpl - Opening file...
INFO AWT-EventQueue-0 ibfb.workbook.core.WorkbookExcelReaderImpl - Number of sheets in book2
INFO AWT-EventQueue-0 ibfb.workbook.core.WorkbookExcelReaderImpl - Total study conditions found: 2
INFO AWT-EventQueue-0 ibfb.workbook.core.WorkbookExcelReaderImpl - Total conditions found: 2
INFO AWT-EventQueue-0 ibfb.workbook.core.WorkbookExcelReaderImpl - Total factors found: 7
INFO AWT-EventQueue-0 ibfb.workbook.core.WorkbookExcelReaderImpl - Excel file read END
INFO AWT-EventQueue-0 ibfb.studyeditor.core.model.DesignTableModel - Requested for rowIndex 0
INFO AWT-EventQueue-0 ibfb.studyeditor.core.model.DesignTableModel - designList.size() 1
INFO AWT-EventQueue-0 ibfb.studyeditor.core.model.DesignTableModel - bean ibfb.domain.core.DesignBean@2257b4
INFO AWT-EventQueue-0 ibfb.studyeditor.core.model.DesignTableModel - Requested for rowIndex 0
INFO AWT-EventQueue-0 ibfb.studyeditor.core.model.DesignTableModel - designList.size() 1
INFO AWT-EventQueue-0 ibfb.studyeditor.core.model.DesignTableModel - bean ibfb.domain.core.DesignBean@2257b4
INFO AWT-EventQueue-0 ibfb.studyeditor.core.model.DesignTableModel - Requested for rowIndex 0
INFO AWT-EventQueue-0 ibfb.studyeditor.core.model.DesignTableModel - designList.size() 1
INFO AWT-EventQueue-0 ibfb.studyeditor.core.model.DesignTableModel - bean ibfb.domain.core.DesignBean@2257b4
INFO AWT-EventQueue-0 ibfb.studyeditor.core.model.DesignTableModel - Requested for rowIndex 0
INFO AWT-EventQueue-0 ibfb.studyeditor.core.model.DesignTableModel - designList.size() 1
INFO AWT-EventQueue-0 ibfb.studyeditor.core.model.DesignTableModel - bean ibfb.domain.core.DesignBean@2257b4
INFO SwingWorker-pool-2-thread-1 org.cimmyt.cril.ibwb.provider.IBWBAppServicesImpl - Savin workbook....
INFO SwingWorker-pool-2-thread-1 org.cimmyt.cril.ibwb.provider.helpers.HelperWorkbook - Savin study....
INFO SwingWorker-pool-2-thread-1 org.cimmyt.cril.ibwb.provider.helpers.HelperWorkbook - Savin study DONE!
INFO SwingWorker-pool-2-thread-1 org.cimmyt.cril.ibwb.provider.helpers.HelperWorkbook - Saving Factor study....
INFO SwingWorker-pool-2-thread-1 org.cimmyt.cril.ibwb.provider.helpers.HelperWorkbook - Saving Factor study DONE!
INFO SwingWorker-pool-2-thread-1 org.cimmyt.cril.ibwb.provider.helpers.HelperWorkbook - Saving Factors for study....
INFO SwingWorker-pool-2-thread-1 org.cimmyt.cril.ibwb.provider.helpers.HelperWorkbook - Saving Factors for study DONE!
INFO SwingWorker-pool-2-thread-1 org.cimmyt.cril.ibwb.provider.helpers.HelperWorkbook - Saving Factors for trial....
INFO SwingWorker-pool-2-thread-1 org.cimmyt.cril.ibwb.provider.helpers.HelperWorkbook - Saving Factors for trial DONE!
INFO SwingWorker-pool-2-thread-1 org.cimmyt.cril.ibwb.provider.helpers.HelperWorkbook - Saving Factors for each factor....
INFO SwingWorker-pool-2-thread-1 org.cimmyt.cril.ibwb.provider.helpers.HelperWorkbook - Saving Factors for each factor DONE!
INFO SwingWorker-pool-2-thread-1 org.cimmyt.cril.ibwb.provider.helpers.HelperWorkbook - Saving Variates for each constant....
INFO SwingWorker-pool-2-thread-1 org.cimmyt.cril.ibwb.provider.helpers.HelperWorkbook - Saving Variates for each constant DONE!
INFO SwingWorker-pool-2-thread-1 org.cimmyt.cril.ibwb.provider.helpers.HelperWorkbook - Saving Variates for each constant....
INFO SwingWorker-pool-2-thread-1 org.cimmyt.cril.ibwb.provider.helpers.HelperWorkbook - Saving Variates for each constant DONE!
INFO SwingWorker-pool-2-thread-1 org.cimmyt.cril.ibwb.provider.helpers.HelperWorkbook - Saving Steffects for each trial....
INFO SwingWorker-pool-2-thread-1 org.cimmyt.cril.ibwb.provider.helpers.HelperWorkbook - Saving Steffects for each trial DONE!
INFO SwingWorker-pool-2-thread-1 org.cimmyt.cril.ibwb.provider.helpers.HelperWorkbook - Saving Steffects for each Measurement....
INFO SwingWorker-pool-2-thread-1 org.cimmyt.cril.ibwb.provider.helpers.HelperWorkbook - Saving Steffects for each Measurement DONE!
INFO SwingWorker-pool-2-thread-1 org.cimmyt.cril.ibwb.provider.helpers.HelperWorkbook - Saving represtn....
INFO SwingWorker-pool-2-thread-1 org.cimmyt.cril.ibwb.provider.helpers.HelperWorkbook - Saving represtn DONE!
INFO SwingWorker-pool-2-thread-1 org.cimmyt.cril.ibwb.provider.helpers.HelperWorkbook - Saving effect....
INFO SwingWorker-pool-2-thread-1 org.cimmyt.cril.ibwb.provider.helpers.HelperWorkbook - Saving effect DONE!
INFO SwingWorker-pool-2-thread-1 org.cimmyt.cril.ibwb.provider.helpers.HelperWorkbook - Recovery next levelNo....
INFO SwingWorker-pool-2-thread-1 org.cimmyt.cril.ibwb.provider.helpers.HelperWorkbook - Recovery next levelNo DONE!
INFO SwingWorker-pool-2-thread-1 org.cimmyt.cril.ibwb.provider.helpers.HelperWorkbook - Saving levels for trial....
INFO SwingWorker-pool-2-thread-1 org.cimmyt.cril.ibwb.provider.helpers.HelperFactor - Savin level for factor: TRIAL  with value: 1
INFO SwingWorker-pool-2-thread-1 org.cimmyt.cril.ibwb.provider.helpers.HelperFactor - Savin level for factor: DESIGN  with value: null
INFO SwingWorker-pool-2-thread-1 org.cimmyt.cril.ibwb.provider.helpers.HelperWorkbook - Saving levels for trial DONE!
INFO SwingWorker-pool-2-thread-1 org.cimmyt.cril.ibwb.provider.helpers.HelperWorkbook - Saving levels for study....
INFO SwingWorker-pool-2-thread-1 org.cimmyt.cril.ibwb.provider.helpers.HelperWorkbook - Saving levels for study DONE!
INFO SwingWorker-pool-2-thread-1 org.cimmyt.cril.ibwb.provider.helpers.HelperWorkbook - Saving levels for plots....
INFO SwingWorker-pool-2-thread-1 org.cimmyt.cril.ibwb.provider.helpers.HelperWorkbook - Saving levels for plots DONE!
INFO SwingWorker-pool-2-thread-1 org.cimmyt.cril.ibwb.provider.helpers.HelperWorkbook - Saving levels for entrys....
INFO SwingWorker-pool-2-thread-1 org.cimmyt.cril.ibwb.provider.helpers.HelperWorkbook - Saving levels for entrys DONE!
INFO SwingWorker-pool-2-thread-1 org.cimmyt.cril.ibwb.provider.IBWBAppServicesImpl - Savin workbook DONE!
INFO SwingWorker-pool-2-thread-2 org.cimmyt.cril.ibwb.provider.helpers.HelperWorkbookRead - Read study full: -29
INFO SwingWorker-pool-2-thread-2 org.cimmyt.cril.ibwb.provider.helpers.HelperWorkbookRead - Read list all factors.
INFO SwingWorker-pool-2-thread-2 org.cimmyt.cril.ibwb.provider.helpers.HelperEffect - Effect vale : -31 factorid: -1780
INFO SwingWorker-pool-2-thread-2 org.cimmyt.cril.ibwb.provider.helpers.HelperEffect - Effect vale : -31 factorid: -1786
INFO SwingWorker-pool-2-thread-2 org.cimmyt.cril.ibwb.provider.helpers.HelperEffect - Effect vale : -31 factorid: -1798
INFO SwingWorker-pool-2-thread-2 org.cimmyt.cril.ibwb.provider.helpers.HelperEffect - Effect vale : -30 factorid: -1768
INFO SwingWorker-pool-2-thread-2 org.cimmyt.cril.ibwb.provider.helpers.HelperFactor - Factor Name: STUDY   FactorId: 0
INFO SwingWorker-pool-2-thread-2 org.cimmyt.cril.ibwb.provider.helpers.HelperFactor - Cargando Measuredin con tid: 2010 scaleid: 6000 tmethid: 4030
INFO SwingWorker-pool-2-thread-2 org.cimmyt.cril.ibwb.provider.helpers.HelperFactor - Factor Name: TRIAL   FactorId: 0
INFO SwingWorker-pool-2-thread-2 org.cimmyt.cril.ibwb.provider.helpers.HelperFactor - Cargando Measuredin con tid: 2100 scaleid: 6040 tmethid: 4040
INFO SwingWorker-pool-2-thread-2 org.cimmyt.cril.ibwb.provider.helpers.HelperFactor - Factor Name: ENTRY   FactorId: 0
INFO SwingWorker-pool-2-thread-2 org.cimmyt.cril.ibwb.provider.helpers.HelperFactor - Cargando Measuredin con tid: 2200 scaleid: 6040 tmethid: 4040
INFO SwingWorker-pool-2-thread-2 org.cimmyt.cril.ibwb.provider.helpers.HelperFactor - Factor Name: PLOT   FactorId: 0
INFO SwingWorker-pool-2-thread-2 org.cimmyt.cril.ibwb.provider.helpers.HelperFactor - Cargando Measuredin con tid: 2120 scaleid: 6040 tmethid: 4040
INFO SwingWorker-pool-2-thread-2 org.cimmyt.cril.ibwb.provider.helpers.HelperFactor - Factor Name: STUDY   FactorId: -1718
INFO SwingWorker-pool-2-thread-2 org.cimmyt.cril.ibwb.provider.helpers.HelperFactor - Cargando Measuredin con tid: 2010 scaleid: 6000 tmethid: 4030
INFO SwingWorker-pool-2-thread-2 org.cimmyt.cril.ibwb.provider.helpers.HelperFactor - Cargando levels del factor: STUDY labelid: -1718
INFO SwingWorker-pool-2-thread-2 org.cimmyt.cril.ibwb.provider.helpers.HelperFactor - Level tipo C.
INFO SwingWorker-pool-2-thread-2 org.cimmyt.cril.ibwb.provider.helpers.HelperFactor - Factor Name: PIID   FactorId: -1718
INFO SwingWorker-pool-2-thread-2 org.cimmyt.cril.ibwb.provider.helpers.HelperFactor - Cargando Measuredin con tid: 2080 scaleid: 6010 tmethid: 4030
INFO SwingWorker-pool-2-thread-2 org.cimmyt.cril.ibwb.provider.helpers.HelperFactor - Cargando levels del factor: PIID labelid: -1744
INFO SwingWorker-pool-2-thread-2 org.cimmyt.cril.ibwb.provider.helpers.HelperFactor - Level tipo N.
INFO SwingWorker-pool-2-thread-2 org.cimmyt.cril.ibwb.provider.helpers.HelperFactor - Factor Name: PI NAME   FactorId: -1718
INFO SwingWorker-pool-2-thread-2 org.cimmyt.cril.ibwb.provider.helpers.HelperFactor - Cargando Measuredin con tid: 2080 scaleid: 6000 tmethid: 4030
INFO SwingWorker-pool-2-thread-2 org.cimmyt.cril.ibwb.provider.helpers.HelperFactor - Cargando levels del factor: PI NAME labelid: -1756
INFO SwingWorker-pool-2-thread-2 org.cimmyt.cril.ibwb.provider.helpers.HelperFactor - Level tipo C.
INFO SwingWorker-pool-2-thread-2 org.cimmyt.cril.ibwb.provider.helpers.HelperFactor - Factor Name: PI ID   FactorId: -1718
INFO SwingWorker-pool-2-thread-2 org.cimmyt.cril.ibwb.provider.helpers.HelperFactor - Cargando Measuredin con tid: 2080 scaleid: 6010 tmethid: 4030
INFO SwingWorker-pool-2-thread-2 org.cimmyt.cril.ibwb.provider.helpers.HelperFactor - Cargando levels del factor: PI ID labelid: -1759
INFO SwingWorker-pool-2-thread-2 org.cimmyt.cril.ibwb.provider.helpers.HelperFactor - Level tipo N.
INFO SwingWorker-pool-2-thread-2 org.cimmyt.cril.ibwb.provider.helpers.HelperFactor - Factor Name: TRIAL   FactorId: -1768
INFO SwingWorker-pool-2-thread-2 org.cimmyt.cril.ibwb.provider.helpers.HelperFactor - Cargando Measuredin con tid: 2100 scaleid: 6040 tmethid: 4040
INFO SwingWorker-pool-2-thread-2 org.cimmyt.cril.ibwb.provider.helpers.HelperFactor - Cargando levels del factor: TRIAL labelid: -1768
INFO SwingWorker-pool-2-thread-2 org.cimmyt.cril.ibwb.provider.helpers.HelperFactor - Level tipo N.
INFO SwingWorker-pool-2-thread-2 org.cimmyt.cril.ibwb.provider.helpers.HelperFactor - Factor Name: DESIGN   FactorId: -1768
INFO SwingWorker-pool-2-thread-2 org.cimmyt.cril.ibwb.provider.helpers.HelperFactor - Cargando Measuredin con tid: 2140 scaleid: 6070 tmethid: 4100
INFO SwingWorker-pool-2-thread-2 org.cimmyt.cril.ibwb.provider.helpers.HelperFactor - Cargando levels del factor: DESIGN labelid: -1771
INFO SwingWorker-pool-2-thread-2 org.cimmyt.cril.ibwb.provider.helpers.HelperFactor - Level tipo C.
INFO SwingWorker-pool-2-thread-2 org.cimmyt.cril.ibwb.provider.helpers.HelperFactor - Factor Name: TRIAL   FactorId: -1780
INFO SwingWorker-pool-2-thread-2 org.cimmyt.cril.ibwb.provider.helpers.HelperFactor - Cargando Measuredin con tid: 2100 scaleid: 6040 tmethid: 4040
INFO SwingWorker-pool-2-thread-2 org.cimmyt.cril.ibwb.provider.helpers.HelperFactor - Cargando levels del factor: TRIAL labelid: -1780
INFO SwingWorker-pool-2-thread-2 org.cimmyt.cril.ibwb.provider.helpers.HelperFactor - Level tipo N.
INFO SwingWorker-pool-2-thread-2 org.cimmyt.cril.ibwb.provider.helpers.HelperFactor - Factor Name: DESIGN   FactorId: -1780
INFO SwingWorker-pool-2-thread-2 org.cimmyt.cril.ibwb.provider.helpers.HelperFactor - Cargando Measuredin con tid: 2140 scaleid: 6070 tmethid: 4100
INFO SwingWorker-pool-2-thread-2 org.cimmyt.cril.ibwb.provider.helpers.HelperFactor - Cargando levels del factor: DESIGN labelid: -1783
INFO SwingWorker-pool-2-thread-2 org.cimmyt.cril.ibwb.provider.helpers.HelperFactor - Level tipo C.
INFO SwingWorker-pool-2-thread-2 org.cimmyt.cril.ibwb.provider.helpers.HelperFactor - Factor Name: ENTRY   FactorId: -1786
INFO SwingWorker-pool-2-thread-2 org.cimmyt.cril.ibwb.provider.helpers.HelperFactor - Cargando Measuredin con tid: 2200 scaleid: 6040 tmethid: 4040
INFO SwingWorker-pool-2-thread-2 org.cimmyt.cril.ibwb.provider.helpers.HelperFactor - Cargando levels del factor: ENTRY labelid: -1786
INFO SwingWorker-pool-2-thread-2 org.cimmyt.cril.ibwb.provider.helpers.HelperFactor - Level tipo N.
INFO SwingWorker-pool-2-thread-2 org.cimmyt.cril.ibwb.provider.helpers.HelperFactor - Factor Name: DESIG   FactorId: -1786
INFO SwingWorker-pool-2-thread-2 org.cimmyt.cril.ibwb.provider.helpers.HelperFactor - Cargando Measuredin con tid: 2205 scaleid: 6000 tmethid: 4030
INFO SwingWorker-pool-2-thread-2 org.cimmyt.cril.ibwb.provider.helpers.HelperFactor - Cargando levels del factor: DESIG labelid: -1789
INFO SwingWorker-pool-2-thread-2 org.cimmyt.cril.ibwb.provider.helpers.HelperFactor - Level tipo C.
INFO SwingWorker-pool-2-thread-2 org.cimmyt.cril.ibwb.provider.helpers.HelperFactor - Factor Name: GID   FactorId: -1786
INFO SwingWorker-pool-2-thread-2 org.cimmyt.cril.ibwb.provider.helpers.HelperFactor - Cargando Measuredin con tid: 2205 scaleid: 6010 tmethid: 4030
INFO SwingWorker-pool-2-thread-2 org.cimmyt.cril.ibwb.provider.helpers.HelperFactor - Cargando levels del factor: GID labelid: -1792
INFO SwingWorker-pool-2-thread-2 org.cimmyt.cril.ibwb.provider.helpers.HelperFactor - Level tipo N.
INFO SwingWorker-pool-2-thread-2 org.cimmyt.cril.ibwb.provider.helpers.HelperFactor - Factor Name: NEWFACTOR 9   FactorId: -1798
INFO SwingWorker-pool-2-thread-2 org.cimmyt.cril.ibwb.provider.helpers.HelperFactor - Cargando Measuredin con tid: -2 scaleid: 6087 tmethid: 4030
INFO SwingWorker-pool-2-thread-2 org.cimmyt.cril.ibwb.provider.helpers.HelperFactor - Cargando levels del factor: NEWFACTOR 9 labelid: -1795
INFO SwingWorker-pool-2-thread-2 org.cimmyt.cril.ibwb.provider.helpers.HelperFactor - Level tipo N.
INFO SwingWorker-pool-2-thread-2 org.cimmyt.cril.ibwb.provider.helpers.HelperFactor - Factor Name: PLOT   FactorId: -1798
INFO SwingWorker-pool-2-thread-2 org.cimmyt.cril.ibwb.provider.helpers.HelperFactor - Cargando Measuredin con tid: 2120 scaleid: 6040 tmethid: 4040
INFO SwingWorker-pool-2-thread-2 org.cimmyt.cril.ibwb.provider.helpers.HelperFactor - Cargando levels del factor: PLOT labelid: -1798
INFO SwingWorker-pool-2-thread-2 org.cimmyt.cril.ibwb.provider.helpers.HelperFactor - Level tipo N.
INFO SwingWorker-pool-2-thread-2 org.cimmyt.cril.ibwb.provider.helpers.HelperFactor - Factor Name: REP   FactorId: -1798
INFO SwingWorker-pool-2-thread-2 org.cimmyt.cril.ibwb.provider.helpers.HelperFactor - Cargando Measuredin con tid: 2150 scaleid: 6040 tmethid: 4040
INFO SwingWorker-pool-2-thread-2 org.cimmyt.cril.ibwb.provider.helpers.HelperFactor - Cargando levels del factor: REP labelid: -1801
INFO SwingWorker-pool-2-thread-2 org.cimmyt.cril.ibwb.provider.helpers.HelperFactor - Level tipo N.
INFO SwingWorker-pool-2-thread-2 org.cimmyt.cril.ibwb.provider.helpers.HelperFactor - Factor Name: BLK   FactorId: -1798
INFO SwingWorker-pool-2-thread-2 org.cimmyt.cril.ibwb.provider.helpers.HelperFactor - Cargando Measuredin con tid: 2160 scaleid: 6040 tmethid: 4040
INFO SwingWorker-pool-2-thread-2 org.cimmyt.cril.ibwb.provider.helpers.HelperFactor - Cargando levels del factor: BLK labelid: -1804
INFO SwingWorker-pool-2-thread-2 org.cimmyt.cril.ibwb.provider.helpers.HelperFactor - Level tipo N.
INFO SwingWorker-pool-2-thread-2 org.cimmyt.cril.ibwb.provider.helpers.HelperEffect - Effect vale : -31 factorid: -1780
INFO SwingWorker-pool-2-thread-2 org.cimmyt.cril.ibwb.provider.helpers.HelperEffect - Effect vale : -31 factorid: -1786
INFO SwingWorker-pool-2-thread-2 org.cimmyt.cril.ibwb.provider.helpers.HelperEffect - Effect vale : -31 factorid: -1798
INFO SwingWorker-pool-2-thread-2 org.cimmyt.cril.ibwb.provider.helpers.HelperEffect - Effect vale : -30 factorid: -1768
INFO SwingWorker-pool-2-thread-2 org.cimmyt.cril.ibwb.provider.helpers.HelperFactor - Factor Name: STUDY   FactorId: 0
INFO SwingWorker-pool-2-thread-2 org.cimmyt.cril.ibwb.provider.helpers.HelperFactor - Cargando Measuredin con tid: 2010 scaleid: 6000 tmethid: 4030
INFO SwingWorker-pool-2-thread-2 org.cimmyt.cril.ibwb.provider.helpers.HelperFactor - Factor Name: TRIAL   FactorId: 0
INFO SwingWorker-pool-2-thread-2 org.cimmyt.cril.ibwb.provider.helpers.HelperFactor - Cargando Measuredin con tid: 2100 scaleid: 6040 tmethid: 4040
INFO SwingWorker-pool-2-thread-2 org.cimmyt.cril.ibwb.provider.helpers.HelperFactor - Factor Name: ENTRY   FactorId: 0
INFO SwingWorker-pool-2-thread-2 org.cimmyt.cril.ibwb.provider.helpers.HelperFactor - Cargando Measuredin con tid: 2200 scaleid: 6040 tmethid: 4040
INFO SwingWorker-pool-2-thread-2 org.cimmyt.cril.ibwb.provider.helpers.HelperFactor - Factor Name: PLOT   FactorId: 0
INFO SwingWorker-pool-2-thread-2 org.cimmyt.cril.ibwb.provider.helpers.HelperFactor - Cargando Measuredin con tid: 2120 scaleid: 6040 tmethid: 4040
INFO SwingWorker-pool-2-thread-2 org.cimmyt.cril.ibwb.provider.helpers.HelperWorkbookRead - fill all variate as traits
INFO SwingWorker-pool-2-thread-2 org.cimmyt.cril.ibwb.provider.helpers.HelperVariate - Filling variate: GY  VariateId: -1807
INFO SwingWorker-pool-2-thread-2 org.cimmyt.cril.ibwb.provider.helpers.HelperVariate - Filling variate: pER  VariateId: -1810
INFO SwingWorker-pool-2-thread-2 org.cimmyt.cril.ibwb.provider.helpers.HelperVariate - Filling variate: ENDO  VariateId: -1813
INFO SwingWorker-pool-2-thread-2 org.cimmyt.cril.ibwb.provider.helpers.HelperVariate - Filling variate: AD  VariateId: -1816
INFO SwingWorker-pool-2-thread-2 org.cimmyt.cril.ibwb.provider.helpers.HelperVariate - Filling variate: rEPH  VariateId: -1819
INFO SwingWorker-pool-2-thread-2 org.cimmyt.cril.ibwb.provider.helpers.HelperVariate - Filling variate: rEPP  VariateId: -1822
INFO SwingWorker-pool-2-thread-2 org.cimmyt.cril.ibwb.provider.helpers.HelperVariate - Filling variate: Prl  VariateId: -1825
INFO SwingWorker-pool-2-thread-2 org.cimmyt.cril.ibwb.provider.helpers.HelperVariate - Filling variate: pSL  VariateId: -1828
INFO SwingWorker-pool-2-thread-2 org.cimmyt.cril.ibwb.provider.helpers.HelperVariate - Filling variate: pBHC  VariateId: -1831
INFO SwingWorker-pool-2-thread-2 org.cimmyt.cril.ibwb.provider.helpers.HelperVariate - Filling variate: EarAsp  VariateId: -1834
INFO SwingWorker-pool-2-thread-2 org.cimmyt.cril.ibwb.provider.helpers.HelperVariate - Filling variate: PLTASP  VariateId: -1837
INFO SwingWorker-pool-2-thread-2 org.cimmyt.cril.ibwb.provider.helpers.HelperVariate - Filling variate: Eturc1  VariateId: -1840
INFO SwingWorker-pool-2-thread-2 org.cimmyt.cril.ibwb.provider.helpers.HelperVariate - Filling variate: pCSC  VariateId: -1843
INFO SwingWorker-pool-2-thread-2 org.cimmyt.cril.ibwb.provider.helpers.HelperVariate - Filling variate: MOI  VariateId: -1846
INFO SwingWorker-pool-2-thread-2 org.cimmyt.cril.ibwb.provider.helpers.HelperVariate - Filling variate: TEX  VariateId: -1849
INFO SwingWorker-pool-2-thread-2 org.cimmyt.cril.ibwb.provider.helpers.HelperVariate - Filling variate: PH  VariateId: -1852
INFO SwingWorker-pool-2-thread-2 org.cimmyt.cril.ibwb.provider.helpers.HelperVariate - Filling variate: EH  VariateId: -1855
INFO SwingWorker-pool-2-thread-2 org.cimmyt.cril.ibwb.provider.helpers.HelperVariate - Filling variate: SD  VariateId: -1858
INFO SwingWorker-pool-2-thread-2 org.cimmyt.cril.ibwb.provider.helpers.HelperVariate - Filling variate: ASI  VariateId: -1861
INFO SwingWorker-pool-2-thread-2 org.cimmyt.cril.ibwb.provider.helpers.HelperVariate - Filling variate: nP  VariateId: -1864
INFO SwingWorker-pool-2-thread-2 org.cimmyt.cril.ibwb.provider.helpers.HelperVariate - Filling variate: NEWVARIATE15  VariateId: -1867
INFO SwingWorker-pool-2-thread-2 org.cimmyt.cril.ibwb.provider.helpers.HelperWorkbookRead - Filling Study Conditions Data....
INFO SwingWorker-pool-2-thread-2 org.cimmyt.cril.ibwb.provider.helpers.HelperWorkbookRead - Filling Study Conditions DONE!!!!
INFO SwingWorker-pool-2-thread-2 org.cimmyt.cril.ibwb.provider.helpers.HelperWorkbookRead - Filling Trial Conditions Data....
INFO SwingWorker-pool-2-thread-2 org.cimmyt.cril.ibwb.provider.helpers.HelperWorkbookRead - Filling Trial Conditions DONE!!!!....
INFO SwingWorker-pool-2-thread-2 org.cimmyt.cril.ibwb.provider.helpers.HelperWorkbookRead - Filling Trial Germplasm Data....
INFO SwingWorker-pool-2-thread-2 org.cimmyt.cril.ibwb.provider.helpers.HelperWorkbookRead - Filling Trial Germplasm DONE!!!
INFO SwingWorker-pool-2-thread-2 org.cimmyt.cril.ibwb.provider.helpers.HelperWorkbookRead - Filling Observations Data....
INFO SwingWorker-pool-2-thread-2 org.cimmyt.cril.ibwb.provider.helpers.HelperWorkbookRead - filling FactorLabelData... 
INFO SwingWorker-pool-2-thread-2 org.cimmyt.cril.ibwb.provider.dao.helpers.HelperWorkbookReader - Getting trial randomization fast
INFO SwingWorker-pool-2-thread-2 org.cimmyt.cril.ibwb.provider.dao.helpers.HelperWorkbookReader - Definiendo orden de busquedas
INFO SwingWorker-pool-2-thread-2 org.cimmyt.cril.ibwb.provider.dao.helpers.HelperWorkbookReader - Getting trial randomization fast.... DONE
INFO SwingWorker-pool-2-thread-2 org.cimmyt.cril.ibwb.provider.dao.helpers.HelperWorkbookReader - Getting variates fast....
INFO SwingWorker-pool-2-thread-2 org.cimmyt.cril.ibwb.provider.dao.helpers.HelperWorkbookReader - Getting variates fast.... DONE
INFO SwingWorker-pool-2-thread-2 org.cimmyt.cril.ibwb.provider.helpers.HelperWorkbookRead - filling FactorLabelData DONE... 
INFO SwingWorker-pool-2-thread-2 org.cimmyt.cril.ibwb.provider.helpers.HelperWorkbookRead - Filling Observations Data DONE!!!
