INFO AWT-EventQueue-0 ibfb.workbook.core.WorkbookExcelReaderImpl - Validating Excel file read BEGIN
INFO AWT-EventQueue-0 ibfb.workbook.core.WorkbookExcelReaderImpl - Excel file read BEGIN
INFO AWT-EventQueue-0 ibfb.workbook.core.WorkbookExcelReaderImpl - Opening file...
INFO AWT-EventQueue-0 ibfb.workbook.core.WorkbookExcelReaderImpl - Number of sheets in book2
INFO AWT-EventQueue-0 ibfb.workbook.core.WorkbookExcelReaderImpl - Total study conditions found: 2
INFO AWT-EventQueue-0 ibfb.workbook.core.WorkbookExcelReaderImpl - Total conditions found: 10
INFO AWT-EventQueue-0 ibfb.workbook.core.WorkbookExcelReaderImpl - Total factors found: 9
INFO AWT-EventQueue-0 ibfb.workbook.core.WorkbookExcelReaderImpl - Data for Constant: SEEDING_DATE (Date (yyyymmdd))
INFO AWT-EventQueue-0 ibfb.workbook.core.WorkbookExcelReaderImpl - Data for Constant: TRNSPL_DATE (Date (yyyymmdd))
INFO AWT-EventQueue-0 ibfb.workbook.core.WorkbookExcelReaderImpl - Data for Constant: PLANT_DENSITY (Number)
INFO AWT-EventQueue-0 ibfb.workbook.core.WorkbookExcelReaderImpl - Data for Constant: ROWS_PLOT (Number)
INFO AWT-EventQueue-0 ibfb.workbook.core.WorkbookExcelReaderImpl - Data for Constant: ROW_SPACING (cm)
INFO AWT-EventQueue-0 ibfb.workbook.core.WorkbookExcelReaderImpl - Excel file read END
INFO AWT-EventQueue-0 ibfb.workbook.core.WorkbookExcelReaderImpl - Excel file read BEGIN
INFO AWT-EventQueue-0 ibfb.workbook.core.WorkbookExcelReaderImpl - Opening file...
INFO AWT-EventQueue-0 ibfb.workbook.core.WorkbookExcelReaderImpl - Number of sheets in book2
INFO AWT-EventQueue-0 ibfb.workbook.core.WorkbookExcelReaderImpl - Total study conditions found: 2
INFO AWT-EventQueue-0 ibfb.workbook.core.WorkbookExcelReaderImpl - Total conditions found: 10
INFO AWT-EventQueue-0 ibfb.workbook.core.WorkbookExcelReaderImpl - Total factors found: 9
INFO AWT-EventQueue-0 ibfb.workbook.core.WorkbookExcelReaderImpl - Data for Constant: SEEDING_DATE (Date (yyyymmdd))
INFO AWT-EventQueue-0 ibfb.workbook.core.WorkbookExcelReaderImpl - Data for Constant: TRNSPL_DATE (Date (yyyymmdd))
INFO AWT-EventQueue-0 ibfb.workbook.core.WorkbookExcelReaderImpl - Data for Constant: PLANT_DENSITY (Number)
INFO AWT-EventQueue-0 ibfb.workbook.core.WorkbookExcelReaderImpl - Data for Constant: ROWS_PLOT (Number)
INFO AWT-EventQueue-0 ibfb.workbook.core.WorkbookExcelReaderImpl - Data for Constant: ROW_SPACING (cm)
INFO AWT-EventQueue-0 ibfb.workbook.core.WorkbookExcelReaderImpl - Excel file read END
INFO AWT-EventQueue-0 ibfb.workbook.core.WorkbookExcelReaderImpl - Excel file read BEGIN
INFO AWT-EventQueue-0 ibfb.workbook.core.WorkbookExcelReaderImpl - Opening file...
INFO AWT-EventQueue-0 ibfb.workbook.core.WorkbookExcelReaderImpl - Number of sheets in book2
INFO AWT-EventQueue-0 ibfb.workbook.core.WorkbookExcelReaderImpl - Total study conditions found: 2
INFO AWT-EventQueue-0 ibfb.workbook.core.WorkbookExcelReaderImpl - Total conditions found: 10
INFO AWT-EventQueue-0 ibfb.workbook.core.WorkbookExcelReaderImpl - Total factors found: 9
INFO AWT-EventQueue-0 ibfb.workbook.core.WorkbookExcelReaderImpl - Data for Constant: SEEDING_DATE (Date (yyyymmdd))
INFO AWT-EventQueue-0 ibfb.workbook.core.WorkbookExcelReaderImpl - Data for Constant: TRNSPL_DATE (Date (yyyymmdd))
INFO AWT-EventQueue-0 ibfb.workbook.core.WorkbookExcelReaderImpl - Data for Constant: PLANT_DENSITY (Number)
INFO AWT-EventQueue-0 ibfb.workbook.core.WorkbookExcelReaderImpl - Data for Constant: ROWS_PLOT (Number)
INFO AWT-EventQueue-0 ibfb.workbook.core.WorkbookExcelReaderImpl - Data for Constant: ROW_SPACING (cm)
INFO AWT-EventQueue-0 ibfb.workbook.core.WorkbookExcelReaderImpl - Excel file read END
INFO AWT-EventQueue-0 ibfb.studyeditor.core.model.DesignTableModel - Requested for rowIndex 0
INFO AWT-EventQueue-0 ibfb.studyeditor.core.model.DesignTableModel - designList.size() 1
INFO AWT-EventQueue-0 ibfb.studyeditor.core.model.DesignTableModel - bean ibfb.domain.core.DesignBean@1980d80
INFO AWT-EventQueue-0 ibfb.studyeditor.core.model.DesignTableModel - Requested for rowIndex 0
INFO AWT-EventQueue-0 ibfb.studyeditor.core.model.DesignTableModel - designList.size() 1
INFO AWT-EventQueue-0 ibfb.studyeditor.core.model.DesignTableModel - bean ibfb.domain.core.DesignBean@1980d80
INFO AWT-EventQueue-0 ibfb.studyeditor.core.model.DesignTableModel - Requested for rowIndex 0
INFO AWT-EventQueue-0 ibfb.studyeditor.core.model.DesignTableModel - designList.size() 1
INFO AWT-EventQueue-0 ibfb.studyeditor.core.model.DesignTableModel - bean ibfb.domain.core.DesignBean@1980d80
INFO AWT-EventQueue-0 ibfb.studyeditor.core.model.DesignTableModel - Requested for rowIndex 0
INFO AWT-EventQueue-0 ibfb.studyeditor.core.model.DesignTableModel - designList.size() 1
INFO AWT-EventQueue-0 ibfb.studyeditor.core.model.DesignTableModel - bean ibfb.domain.core.DesignBean@1980d80
INFO AWT-EventQueue-0 ibfb.studyeditor.core.model.DesignTableModel - Requested for rowIndex 0
INFO AWT-EventQueue-0 ibfb.studyeditor.core.model.DesignTableModel - designList.size() 1
INFO AWT-EventQueue-0 ibfb.studyeditor.core.model.DesignTableModel - bean ibfb.domain.core.DesignBean@1980d80
INFO AWT-EventQueue-0 ibfb.studyeditor.core.model.DesignTableModel - Requested for rowIndex 0
INFO AWT-EventQueue-0 ibfb.studyeditor.core.model.DesignTableModel - designList.size() 1
INFO AWT-EventQueue-0 ibfb.studyeditor.core.model.DesignTableModel - bean ibfb.domain.core.DesignBean@1980d80
INFO AWT-EventQueue-0 ibfb.studyeditor.core.model.DesignTableModel - Requested for rowIndex 0
INFO AWT-EventQueue-0 ibfb.studyeditor.core.model.DesignTableModel - designList.size() 1
INFO AWT-EventQueue-0 ibfb.studyeditor.core.model.DesignTableModel - bean ibfb.domain.core.DesignBean@1980d80
INFO AWT-EventQueue-0 ibfb.studyeditor.core.model.DesignTableModel - Requested for rowIndex 0
INFO AWT-EventQueue-0 ibfb.studyeditor.core.model.DesignTableModel - designList.size() 1
INFO AWT-EventQueue-0 ibfb.studyeditor.core.model.DesignTableModel - bean ibfb.domain.core.DesignBean@1980d80
INFO AWT-EventQueue-0 ibfb.workbook.core.WorkbookExcelReaderImpl - Validating Excel file read BEGIN
INFO AWT-EventQueue-0 ibfb.workbook.core.WorkbookExcelReaderImpl - Excel file read BEGIN
INFO AWT-EventQueue-0 ibfb.workbook.core.WorkbookExcelReaderImpl - Opening file...
INFO AWT-EventQueue-0 ibfb.workbook.core.WorkbookExcelReaderImpl - Number of sheets in book2
INFO AWT-EventQueue-0 ibfb.workbook.core.WorkbookExcelReaderImpl - Total study conditions found: 2
INFO AWT-EventQueue-0 ibfb.workbook.core.WorkbookExcelReaderImpl - Total conditions found: 6
INFO AWT-EventQueue-0 ibfb.workbook.core.WorkbookExcelReaderImpl - Total factors found: 13
INFO AWT-EventQueue-0 ibfb.workbook.core.WorkbookExcelReaderImpl - Data for Constant: SEEDING_DATE (Date (yyyymmdd))
INFO AWT-EventQueue-0 ibfb.workbook.core.WorkbookExcelReaderImpl - Data for Constant: TRNSPL_DATE (Date (yyyymmdd))
INFO AWT-EventQueue-0 ibfb.workbook.core.WorkbookExcelReaderImpl - Data for Constant: PLANT_DENSITY (Number)
INFO AWT-EventQueue-0 ibfb.workbook.core.WorkbookExcelReaderImpl - Data for Constant: ROWS_PLOT (Number)
INFO AWT-EventQueue-0 ibfb.workbook.core.WorkbookExcelReaderImpl - Data for Constant: ROW_SPACING (cm)
INFO AWT-EventQueue-0 ibfb.workbook.core.WorkbookExcelReaderImpl - Excel file read END
INFO AWT-EventQueue-0 ibfb.workbook.core.WorkbookExcelReaderImpl - Excel file read BEGIN
INFO AWT-EventQueue-0 ibfb.workbook.core.WorkbookExcelReaderImpl - Opening file...
INFO AWT-EventQueue-0 ibfb.workbook.core.WorkbookExcelReaderImpl - Number of sheets in book2
INFO AWT-EventQueue-0 ibfb.workbook.core.WorkbookExcelReaderImpl - Total study conditions found: 2
INFO AWT-EventQueue-0 ibfb.workbook.core.WorkbookExcelReaderImpl - Total conditions found: 6
INFO AWT-EventQueue-0 ibfb.workbook.core.WorkbookExcelReaderImpl - Total factors found: 13
INFO AWT-EventQueue-0 ibfb.workbook.core.WorkbookExcelReaderImpl - Data for Constant: SEEDING_DATE (Date (yyyymmdd))
INFO AWT-EventQueue-0 ibfb.workbook.core.WorkbookExcelReaderImpl - Data for Constant: TRNSPL_DATE (Date (yyyymmdd))
INFO AWT-EventQueue-0 ibfb.workbook.core.WorkbookExcelReaderImpl - Data for Constant: PLANT_DENSITY (Number)
INFO AWT-EventQueue-0 ibfb.workbook.core.WorkbookExcelReaderImpl - Data for Constant: ROWS_PLOT (Number)
INFO AWT-EventQueue-0 ibfb.workbook.core.WorkbookExcelReaderImpl - Data for Constant: ROW_SPACING (cm)
INFO AWT-EventQueue-0 ibfb.workbook.core.WorkbookExcelReaderImpl - Excel file read END
INFO AWT-EventQueue-0 ibfb.workbook.core.WorkbookExcelReaderImpl - Excel file read BEGIN
INFO AWT-EventQueue-0 ibfb.workbook.core.WorkbookExcelReaderImpl - Opening file...
INFO AWT-EventQueue-0 ibfb.workbook.core.WorkbookExcelReaderImpl - Number of sheets in book2
INFO AWT-EventQueue-0 ibfb.workbook.core.WorkbookExcelReaderImpl - Total study conditions found: 2
INFO AWT-EventQueue-0 ibfb.workbook.core.WorkbookExcelReaderImpl - Total conditions found: 6
INFO AWT-EventQueue-0 ibfb.workbook.core.WorkbookExcelReaderImpl - Total factors found: 13
INFO AWT-EventQueue-0 ibfb.workbook.core.WorkbookExcelReaderImpl - Data for Constant: SEEDING_DATE (Date (yyyymmdd))
INFO AWT-EventQueue-0 ibfb.workbook.core.WorkbookExcelReaderImpl - Data for Constant: TRNSPL_DATE (Date (yyyymmdd))
INFO AWT-EventQueue-0 ibfb.workbook.core.WorkbookExcelReaderImpl - Data for Constant: PLANT_DENSITY (Number)
INFO AWT-EventQueue-0 ibfb.workbook.core.WorkbookExcelReaderImpl - Data for Constant: ROWS_PLOT (Number)
INFO AWT-EventQueue-0 ibfb.workbook.core.WorkbookExcelReaderImpl - Data for Constant: ROW_SPACING (cm)
INFO AWT-EventQueue-0 ibfb.workbook.core.WorkbookExcelReaderImpl - Excel file read END
INFO AWT-EventQueue-0 ibfb.studyeditor.core.model.DesignTableModel - Requested for rowIndex 0
INFO AWT-EventQueue-0 ibfb.studyeditor.core.model.DesignTableModel - designList.size() 1
INFO AWT-EventQueue-0 ibfb.studyeditor.core.model.DesignTableModel - bean ibfb.domain.core.DesignBean@a3e99e
INFO AWT-EventQueue-0 ibfb.studyeditor.core.model.DesignTableModel - Requested for rowIndex 0
INFO AWT-EventQueue-0 ibfb.studyeditor.core.model.DesignTableModel - designList.size() 1
INFO AWT-EventQueue-0 ibfb.studyeditor.core.model.DesignTableModel - bean ibfb.domain.core.DesignBean@a3e99e
INFO AWT-EventQueue-0 ibfb.studyeditor.core.model.DesignTableModel - Requested for rowIndex 0
INFO AWT-EventQueue-0 ibfb.studyeditor.core.model.DesignTableModel - designList.size() 1
INFO AWT-EventQueue-0 ibfb.studyeditor.core.model.DesignTableModel - bean ibfb.domain.core.DesignBean@a3e99e
