INFO AWT-EventQueue-0 ibfb.workbook.core.WorkbookExcelReaderImpl - Total study conditions found: 2
INFO AWT-EventQueue-0 ibfb.workbook.core.WorkbookExcelReaderImpl - Total conditions found: 6
INFO AWT-EventQueue-0 ibfb.workbook.core.WorkbookExcelReaderImpl - Total factors found: 8
INFO AWT-EventQueue-0 ibfb.workbook.core.WorkbookExcelReaderImpl - Data for Constant: Environment (Text)
INFO AWT-EventQueue-0 ibfb.workbook.core.WorkbookExcelReaderImpl - Data for Constant: Plot size (Real)
INFO AWT-EventQueue-0 ibfb.workbook.core.WorkbookExcelReaderImpl - Data for Constant: Field Management (Text)
INFO AWT-EventQueue-0 ibfb.workbook.core.WorkbookExcelReaderImpl - Excel file read END
INFO AWT-EventQueue-0 ibfb.workbook.core.WorkbookExcelReaderImpl - Excel file read BEGIN
INFO AWT-EventQueue-0 ibfb.workbook.core.WorkbookExcelReaderImpl - Opening file...
INFO AWT-EventQueue-0 ibfb.workbook.core.WorkbookExcelReaderImpl - Number of sheets in book2
INFO AWT-EventQueue-0 ibfb.workbook.core.WorkbookExcelReaderImpl - Total study conditions found: 2
INFO AWT-EventQueue-0 ibfb.workbook.core.WorkbookExcelReaderImpl - Total conditions found: 6
INFO AWT-EventQueue-0 ibfb.workbook.core.WorkbookExcelReaderImpl - Total factors found: 8
INFO AWT-EventQueue-0 ibfb.workbook.core.WorkbookExcelReaderImpl - Data for Constant: Environment (Text)
INFO AWT-EventQueue-0 ibfb.workbook.core.WorkbookExcelReaderImpl - Data for Constant: Plot size (Real)
INFO AWT-EventQueue-0 ibfb.workbook.core.WorkbookExcelReaderImpl - Data for Constant: Field Management (Text)
INFO AWT-EventQueue-0 ibfb.workbook.core.WorkbookExcelReaderImpl - Excel file read END
INFO AWT-EventQueue-0 ibfb.workbook.core.WorkbookExcelReaderImpl - Excel file read BEGIN
INFO AWT-EventQueue-0 ibfb.workbook.core.WorkbookExcelReaderImpl - Opening file...
INFO AWT-EventQueue-0 ibfb.workbook.core.WorkbookExcelReaderImpl - Number of sheets in book2
INFO AWT-EventQueue-0 ibfb.workbook.core.WorkbookExcelReaderImpl - Total study conditions found: 2
INFO AWT-EventQueue-0 ibfb.workbook.core.WorkbookExcelReaderImpl - Total conditions found: 6
INFO AWT-EventQueue-0 ibfb.workbook.core.WorkbookExcelReaderImpl - Total factors found: 8
INFO AWT-EventQueue-0 ibfb.workbook.core.WorkbookExcelReaderImpl - Data for Constant: Environment (Text)
INFO AWT-EventQueue-0 ibfb.workbook.core.WorkbookExcelReaderImpl - Data for Constant: Plot size (Real)
INFO AWT-EventQueue-0 ibfb.workbook.core.WorkbookExcelReaderImpl - Data for Constant: Field Management (Text)
INFO AWT-EventQueue-0 ibfb.workbook.core.WorkbookExcelReaderImpl - Excel file read END
INFO AWT-EventQueue-0 ibfb.workbook.core.WorkbookExcelReaderImpl - Excel file read BEGIN
INFO AWT-EventQueue-0 ibfb.workbook.core.WorkbookExcelReaderImpl - Opening file...
INFO AWT-EventQueue-0 ibfb.workbook.core.WorkbookExcelReaderImpl - Number of sheets in book2
INFO AWT-EventQueue-0 ibfb.workbook.core.WorkbookExcelReaderImpl - Total study conditions found: 2
INFO AWT-EventQueue-0 ibfb.workbook.core.WorkbookExcelReaderImpl - Total conditions found: 6
INFO AWT-EventQueue-0 ibfb.workbook.core.WorkbookExcelReaderImpl - Total factors found: 8
INFO AWT-EventQueue-0 ibfb.workbook.core.WorkbookExcelReaderImpl - Data for Constant: Environment (Text)
INFO AWT-EventQueue-0 ibfb.workbook.core.WorkbookExcelReaderImpl - Data for Constant: Plot size (Real)
INFO AWT-EventQueue-0 ibfb.workbook.core.WorkbookExcelReaderImpl - Data for Constant: Field Management (Text)
INFO AWT-EventQueue-0 ibfb.workbook.core.WorkbookExcelReaderImpl - Excel file read END
INFO AWT-EventQueue-0 ibfb.studyeditor.core.model.DesignTableModel - Requested for rowIndex 0
INFO AWT-EventQueue-0 ibfb.studyeditor.core.model.DesignTableModel - designList.size() 1
INFO AWT-EventQueue-0 ibfb.studyeditor.core.model.DesignTableModel - bean ibfb.domain.core.DesignBean@62a836
INFO AWT-EventQueue-0 ibfb.studyeditor.core.model.DesignTableModel - Requested for rowIndex 0
INFO AWT-EventQueue-0 ibfb.studyeditor.core.model.DesignTableModel - designList.size() 1
INFO AWT-EventQueue-0 ibfb.studyeditor.core.model.DesignTableModel - bean ibfb.domain.core.DesignBean@62a836
INFO AWT-EventQueue-0 ibfb.studyeditor.core.model.DesignTableModel - Requested for rowIndex 0
INFO AWT-EventQueue-0 ibfb.studyeditor.core.model.DesignTableModel - designList.size() 1
INFO AWT-EventQueue-0 ibfb.studyeditor.core.model.DesignTableModel - bean ibfb.domain.core.DesignBean@62a836
INFO AWT-EventQueue-0 ibfb.studyeditor.core.model.DesignTableModel - Requested for rowIndex 0
INFO AWT-EventQueue-0 ibfb.studyeditor.core.model.DesignTableModel - designList.size() 1
INFO AWT-EventQueue-0 ibfb.studyeditor.core.model.DesignTableModel - bean ibfb.domain.core.DesignBean@62a836
INFO AWT-EventQueue-0 ibfb.studyeditor.core.model.DesignTableModel - Requested for rowIndex 0
INFO AWT-EventQueue-0 ibfb.studyeditor.core.model.DesignTableModel - designList.size() 1
INFO AWT-EventQueue-0 ibfb.studyeditor.core.model.DesignTableModel - bean ibfb.domain.core.DesignBean@62a836
INFO AWT-EventQueue-0 ibfb.studyeditor.core.model.DesignTableModel - Requested for rowIndex 0
INFO AWT-EventQueue-0 ibfb.studyeditor.core.model.DesignTableModel - designList.size() 1
INFO AWT-EventQueue-0 ibfb.studyeditor.core.model.DesignTableModel - bean ibfb.domain.core.DesignBean@62a836
INFO SwingWorker-pool-2-thread-1 org.cimmyt.cril.ibwb.provider.IBWBAppServicesImpl - Savin workbook....
INFO SwingWorker-pool-2-thread-1 org.cimmyt.cril.ibwb.provider.helpers.HelperWorkbook - Savin study....
INFO SwingWorker-pool-2-thread-1 org.cimmyt.cril.ibwb.provider.helpers.HelperWorkbook - Savin study DONE!
INFO SwingWorker-pool-2-thread-1 org.cimmyt.cril.ibwb.provider.helpers.HelperWorkbook - Saving Factor study....
INFO SwingWorker-pool-2-thread-1 org.cimmyt.cril.ibwb.provider.helpers.HelperWorkbook - Saving Factor study DONE!
INFO SwingWorker-pool-2-thread-1 org.cimmyt.cril.ibwb.provider.helpers.HelperWorkbook - Saving Factors for study....
INFO SwingWorker-pool-2-thread-1 org.cimmyt.cril.ibwb.provider.helpers.HelperWorkbook - Saving Factors for study DONE!
INFO SwingWorker-pool-2-thread-1 org.cimmyt.cril.ibwb.provider.helpers.HelperWorkbook - Saving Factors for trial....
INFO SwingWorker-pool-2-thread-1 org.cimmyt.cril.ibwb.provider.helpers.HelperWorkbook - Saving Factors for trial DONE!
INFO SwingWorker-pool-2-thread-1 org.cimmyt.cril.ibwb.provider.helpers.HelperWorkbook - Saving Factors for each factor....
INFO SwingWorker-pool-2-thread-1 org.cimmyt.cril.ibwb.provider.helpers.HelperWorkbook - Saving Factors for each factor DONE!
INFO SwingWorker-pool-2-thread-1 org.cimmyt.cril.ibwb.provider.helpers.HelperWorkbook - Saving Variates for each constant....
INFO SwingWorker-pool-2-thread-1 org.cimmyt.cril.ibwb.provider.helpers.HelperWorkbook - Saving Variates for each constant DONE!
INFO SwingWorker-pool-2-thread-1 org.cimmyt.cril.ibwb.provider.helpers.HelperWorkbook - Saving Variates for each constant....
INFO SwingWorker-pool-2-thread-1 org.cimmyt.cril.ibwb.provider.helpers.HelperWorkbook - Saving Variates for each constant DONE!
INFO SwingWorker-pool-2-thread-1 org.cimmyt.cril.ibwb.provider.helpers.HelperWorkbook - Saving Steffects for each trial....
INFO SwingWorker-pool-2-thread-1 org.cimmyt.cril.ibwb.provider.helpers.HelperWorkbook - Saving Steffects for each trial DONE!
INFO SwingWorker-pool-2-thread-1 org.cimmyt.cril.ibwb.provider.helpers.HelperWorkbook - Saving Steffects for each Measurement....
INFO SwingWorker-pool-2-thread-1 org.cimmyt.cril.ibwb.provider.helpers.HelperWorkbook - Saving Steffects for each Measurement DONE!
INFO SwingWorker-pool-2-thread-1 org.cimmyt.cril.ibwb.provider.helpers.HelperWorkbook - Saving represtn....
INFO SwingWorker-pool-2-thread-1 org.cimmyt.cril.ibwb.provider.helpers.HelperWorkbook - Saving represtn DONE!
INFO SwingWorker-pool-2-thread-1 org.cimmyt.cril.ibwb.provider.helpers.HelperWorkbook - Saving effect....
INFO SwingWorker-pool-2-thread-1 org.cimmyt.cril.ibwb.provider.helpers.HelperWorkbook - Saving effect DONE!
INFO SwingWorker-pool-2-thread-1 org.cimmyt.cril.ibwb.provider.helpers.HelperWorkbook - Recovery next levelNo....
INFO SwingWorker-pool-2-thread-1 org.cimmyt.cril.ibwb.provider.helpers.HelperWorkbook - Recovery next levelNo DONE!
INFO SwingWorker-pool-2-thread-1 org.cimmyt.cril.ibwb.provider.helpers.HelperWorkbook - Saving levels for trial....
INFO SwingWorker-pool-2-thread-1 org.cimmyt.cril.ibwb.provider.helpers.HelperFactor - Savin level for factor: TRIAL  with value: 1
INFO SwingWorker-pool-2-thread-1 org.cimmyt.cril.ibwb.provider.helpers.HelperFactor - Savin level for factor: COOPERATOR ID  with value: 1
INFO SwingWorker-pool-2-thread-1 org.cimmyt.cril.ibwb.provider.helpers.HelperFactor - Savin level for factor: COOPERATOR  with value: ATLIN GARY
INFO SwingWorker-pool-2-thread-1 org.cimmyt.cril.ibwb.provider.helpers.HelperFactor - Savin level for factor: SITE ID  with value: 1
INFO SwingWorker-pool-2-thread-1 org.cimmyt.cril.ibwb.provider.helpers.HelperFactor - Savin level for factor: SITE  with value: AFGHANISTAN
INFO SwingWorker-pool-2-thread-1 org.cimmyt.cril.ibwb.provider.helpers.HelperFactor - Savin level for factor: DESIGN  with value: null
INFO SwingWorker-pool-2-thread-1 org.cimmyt.cril.ibwb.provider.helpers.HelperWorkbook - Saving levels for trial DONE!
INFO SwingWorker-pool-2-thread-1 org.cimmyt.cril.ibwb.provider.helpers.HelperWorkbook - Saving levels for study....
INFO SwingWorker-pool-2-thread-1 org.cimmyt.cril.ibwb.provider.helpers.HelperWorkbook - Saving levels for study DONE!
INFO SwingWorker-pool-2-thread-1 org.cimmyt.cril.ibwb.provider.helpers.HelperWorkbook - Saving levels for plots....
INFO SwingWorker-pool-2-thread-1 org.cimmyt.cril.ibwb.provider.helpers.HelperWorkbook - Saving levels for plots DONE!
INFO SwingWorker-pool-2-thread-1 org.cimmyt.cril.ibwb.provider.helpers.HelperWorkbook - Saving levels for entrys....
INFO SwingWorker-pool-2-thread-1 org.cimmyt.cril.ibwb.provider.helpers.HelperWorkbook - Saving levels for entrys DONE!
INFO SwingWorker-pool-2-thread-1 org.cimmyt.cril.ibwb.provider.IBWBAppServicesImpl - Savin workbook DONE!
INFO SwingWorker-pool-2-thread-2 org.cimmyt.cril.ibwb.provider.helpers.HelperWorkbookRead - Read study full: -14
INFO SwingWorker-pool-2-thread-2 org.cimmyt.cril.ibwb.provider.helpers.HelperWorkbookRead - Read list all factors.
INFO SwingWorker-pool-2-thread-2 org.cimmyt.cril.ibwb.provider.helpers.HelperEffect - Effect vale : -16 factorid: -1068
INFO SwingWorker-pool-2-thread-2 org.cimmyt.cril.ibwb.provider.helpers.HelperEffect - Effect vale : -16 factorid: -1086
INFO SwingWorker-pool-2-thread-2 org.cimmyt.cril.ibwb.provider.helpers.HelperEffect - Effect vale : -16 factorid: -1101
INFO SwingWorker-pool-2-thread-2 org.cimmyt.cril.ibwb.provider.helpers.HelperEffect - Effect vale : -15 factorid: -1035
INFO SwingWorker-pool-2-thread-2 org.cimmyt.cril.ibwb.provider.helpers.HelperFactor - Factor Name: STUDY   FactorId: 0
INFO SwingWorker-pool-2-thread-2 org.cimmyt.cril.ibwb.provider.helpers.HelperFactor - Cargando Measuredin con tid: 2010 scaleid: 6000 tmethid: 4030
INFO SwingWorker-pool-2-thread-2 org.cimmyt.cril.ibwb.provider.helpers.HelperFactor - Factor Name: TRIAL   FactorId: 0
INFO SwingWorker-pool-2-thread-2 org.cimmyt.cril.ibwb.provider.helpers.HelperFactor - Cargando Measuredin con tid: 2100 scaleid: 6040 tmethid: 4040
INFO SwingWorker-pool-2-thread-2 org.cimmyt.cril.ibwb.provider.helpers.HelperFactor - Factor Name: ENTRY   FactorId: 0
INFO SwingWorker-pool-2-thread-2 org.cimmyt.cril.ibwb.provider.helpers.HelperFactor - Cargando Measuredin con tid: 2200 scaleid: 6040 tmethid: 4040
INFO SwingWorker-pool-2-thread-2 org.cimmyt.cril.ibwb.provider.helpers.HelperFactor - Factor Name: PLOT   FactorId: 0
INFO SwingWorker-pool-2-thread-2 org.cimmyt.cril.ibwb.provider.helpers.HelperFactor - Cargando Measuredin con tid: 2120 scaleid: 6045 tmethid: 4040
INFO SwingWorker-pool-2-thread-2 org.cimmyt.cril.ibwb.provider.helpers.HelperFactor - Factor Name: STUDY   FactorId: -985
INFO SwingWorker-pool-2-thread-2 org.cimmyt.cril.ibwb.provider.helpers.HelperFactor - Cargando Measuredin con tid: 2010 scaleid: 6000 tmethid: 4030
INFO SwingWorker-pool-2-thread-2 org.cimmyt.cril.ibwb.provider.helpers.HelperFactor - Cargando levels del factor: STUDY labelid: -985
INFO SwingWorker-pool-2-thread-2 org.cimmyt.cril.ibwb.provider.helpers.HelperFactor - Level tipo C.
INFO SwingWorker-pool-2-thread-2 org.cimmyt.cril.ibwb.provider.helpers.HelperFactor - Factor Name: PIID   FactorId: -985
INFO SwingWorker-pool-2-thread-2 org.cimmyt.cril.ibwb.provider.helpers.HelperFactor - Cargando Measuredin con tid: 2080 scaleid: 6010 tmethid: 4030
INFO SwingWorker-pool-2-thread-2 org.cimmyt.cril.ibwb.provider.helpers.HelperFactor - Cargando levels del factor: PIID labelid: -1011
INFO SwingWorker-pool-2-thread-2 org.cimmyt.cril.ibwb.provider.helpers.HelperFactor - Level tipo N.
INFO SwingWorker-pool-2-thread-2 org.cimmyt.cril.ibwb.provider.helpers.HelperFactor - Factor Name: PI NAME   FactorId: -985
INFO SwingWorker-pool-2-thread-2 org.cimmyt.cril.ibwb.provider.helpers.HelperFactor - Cargando Measuredin con tid: 2080 scaleid: 6000 tmethid: 4030
INFO SwingWorker-pool-2-thread-2 org.cimmyt.cril.ibwb.provider.helpers.HelperFactor - Cargando levels del factor: PI NAME labelid: -1023
INFO SwingWorker-pool-2-thread-2 org.cimmyt.cril.ibwb.provider.helpers.HelperFactor - Level tipo C.
INFO SwingWorker-pool-2-thread-2 org.cimmyt.cril.ibwb.provider.helpers.HelperFactor - Factor Name: PI ID   FactorId: -985
INFO SwingWorker-pool-2-thread-2 org.cimmyt.cril.ibwb.provider.helpers.HelperFactor - Cargando Measuredin con tid: 2080 scaleid: 6010 tmethid: 4030
INFO SwingWorker-pool-2-thread-2 org.cimmyt.cril.ibwb.provider.helpers.HelperFactor - Cargando levels del factor: PI ID labelid: -1026
INFO SwingWorker-pool-2-thread-2 org.cimmyt.cril.ibwb.provider.helpers.HelperFactor - Level tipo N.
INFO SwingWorker-pool-2-thread-2 org.cimmyt.cril.ibwb.provider.helpers.HelperFactor - Factor Name: TRIAL   FactorId: -1035
INFO SwingWorker-pool-2-thread-2 org.cimmyt.cril.ibwb.provider.helpers.HelperFactor - Cargando Measuredin con tid: 2100 scaleid: 6040 tmethid: 4040
INFO SwingWorker-pool-2-thread-2 org.cimmyt.cril.ibwb.provider.helpers.HelperFactor - Cargando levels del factor: TRIAL labelid: -1035
INFO SwingWorker-pool-2-thread-2 org.cimmyt.cril.ibwb.provider.helpers.HelperFactor - Level tipo N.
INFO SwingWorker-pool-2-thread-2 org.cimmyt.cril.ibwb.provider.helpers.HelperFactor - Factor Name: COOPERATOR ID   FactorId: -1035
INFO SwingWorker-pool-2-thread-2 org.cimmyt.cril.ibwb.provider.helpers.HelperFactor - Cargando Measuredin con tid: 2080 scaleid: 6010 tmethid: 4010
INFO SwingWorker-pool-2-thread-2 org.cimmyt.cril.ibwb.provider.helpers.HelperFactor - Cargando levels del factor: COOPERATOR ID labelid: -1038
INFO SwingWorker-pool-2-thread-2 org.cimmyt.cril.ibwb.provider.helpers.HelperFactor - Level tipo N.
INFO SwingWorker-pool-2-thread-2 org.cimmyt.cril.ibwb.provider.helpers.HelperFactor - Factor Name: COOPERATOR   FactorId: -1035
INFO SwingWorker-pool-2-thread-2 org.cimmyt.cril.ibwb.provider.helpers.HelperFactor - Cargando Measuredin con tid: 2080 scaleid: 6000 tmethid: 4010
INFO SwingWorker-pool-2-thread-2 org.cimmyt.cril.ibwb.provider.helpers.HelperFactor - Cargando levels del factor: COOPERATOR labelid: -1041
INFO SwingWorker-pool-2-thread-2 org.cimmyt.cril.ibwb.provider.helpers.HelperFactor - Level tipo C.
INFO SwingWorker-pool-2-thread-2 org.cimmyt.cril.ibwb.provider.helpers.HelperFactor - Factor Name: SITE ID   FactorId: -1035
INFO SwingWorker-pool-2-thread-2 org.cimmyt.cril.ibwb.provider.helpers.HelperFactor - Cargando Measuredin con tid: 2110 scaleid: 6010 tmethid: 4030
INFO SwingWorker-pool-2-thread-2 org.cimmyt.cril.ibwb.provider.helpers.HelperFactor - Cargando levels del factor: SITE ID labelid: -1044
INFO SwingWorker-pool-2-thread-2 org.cimmyt.cril.ibwb.provider.helpers.HelperFactor - Level tipo N.
INFO SwingWorker-pool-2-thread-2 org.cimmyt.cril.ibwb.provider.helpers.HelperFactor - Factor Name: SITE   FactorId: -1035
INFO SwingWorker-pool-2-thread-2 org.cimmyt.cril.ibwb.provider.helpers.HelperFactor - Cargando Measuredin con tid: 2110 scaleid: 6000 tmethid: 4030
INFO SwingWorker-pool-2-thread-2 org.cimmyt.cril.ibwb.provider.helpers.HelperFactor - Cargando levels del factor: SITE labelid: -1047
INFO SwingWorker-pool-2-thread-2 org.cimmyt.cril.ibwb.provider.helpers.HelperFactor - Level tipo C.
INFO SwingWorker-pool-2-thread-2 org.cimmyt.cril.ibwb.provider.helpers.HelperFactor - Factor Name: DESIGN   FactorId: -1035
INFO SwingWorker-pool-2-thread-2 org.cimmyt.cril.ibwb.provider.helpers.HelperFactor - Cargando Measuredin con tid: 2140 scaleid: 6070 tmethid: 4030
INFO SwingWorker-pool-2-thread-2 org.cimmyt.cril.ibwb.provider.helpers.HelperFactor - Cargando levels del factor: DESIGN labelid: -1050
INFO SwingWorker-pool-2-thread-2 org.cimmyt.cril.ibwb.provider.helpers.HelperFactor - Level tipo C.
INFO SwingWorker-pool-2-thread-2 org.cimmyt.cril.ibwb.provider.helpers.HelperFactor - Factor Name: TRIAL   FactorId: -1068
INFO SwingWorker-pool-2-thread-2 org.cimmyt.cril.ibwb.provider.helpers.HelperFactor - Cargando Measuredin con tid: 2100 scaleid: 6040 tmethid: 4040
INFO SwingWorker-pool-2-thread-2 org.cimmyt.cril.ibwb.provider.helpers.HelperFactor - Cargando levels del factor: TRIAL labelid: -1068
INFO SwingWorker-pool-2-thread-2 org.cimmyt.cril.ibwb.provider.helpers.HelperFactor - Level tipo N.
INFO SwingWorker-pool-2-thread-2 org.cimmyt.cril.ibwb.provider.helpers.HelperFactor - Factor Name: COOPERATOR ID   FactorId: -1068
INFO SwingWorker-pool-2-thread-2 org.cimmyt.cril.ibwb.provider.helpers.HelperFactor - Cargando Measuredin con tid: 2080 scaleid: 6010 tmethid: 4010
INFO SwingWorker-pool-2-thread-2 org.cimmyt.cril.ibwb.provider.helpers.HelperFactor - Cargando levels del factor: COOPERATOR ID labelid: -1071
INFO SwingWorker-pool-2-thread-2 org.cimmyt.cril.ibwb.provider.helpers.HelperFactor - Level tipo N.
INFO SwingWorker-pool-2-thread-2 org.cimmyt.cril.ibwb.provider.helpers.HelperFactor - Factor Name: COOPERATOR   FactorId: -1068
INFO SwingWorker-pool-2-thread-2 org.cimmyt.cril.ibwb.provider.helpers.HelperFactor - Cargando Measuredin con tid: 2080 scaleid: 6000 tmethid: 4010
INFO SwingWorker-pool-2-thread-2 org.cimmyt.cril.ibwb.provider.helpers.HelperFactor - Cargando levels del factor: COOPERATOR labelid: -1074
INFO SwingWorker-pool-2-thread-2 org.cimmyt.cril.ibwb.provider.helpers.HelperFactor - Level tipo C.
INFO SwingWorker-pool-2-thread-2 org.cimmyt.cril.ibwb.provider.helpers.HelperFactor - Factor Name: SITE ID   FactorId: -1068
INFO SwingWorker-pool-2-thread-2 org.cimmyt.cril.ibwb.provider.helpers.HelperFactor - Cargando Measuredin con tid: 2110 scaleid: 6010 tmethid: 4030
INFO SwingWorker-pool-2-thread-2 org.cimmyt.cril.ibwb.provider.helpers.HelperFactor - Cargando levels del factor: SITE ID labelid: -1077
INFO SwingWorker-pool-2-thread-2 org.cimmyt.cril.ibwb.provider.helpers.HelperFactor - Level tipo N.
INFO SwingWorker-pool-2-thread-2 org.cimmyt.cril.ibwb.provider.helpers.HelperFactor - Factor Name: SITE   FactorId: -1068
INFO SwingWorker-pool-2-thread-2 org.cimmyt.cril.ibwb.provider.helpers.HelperFactor - Cargando Measuredin con tid: 2110 scaleid: 6000 tmethid: 4030
INFO SwingWorker-pool-2-thread-2 org.cimmyt.cril.ibwb.provider.helpers.HelperFactor - Cargando levels del factor: SITE labelid: -1080
INFO SwingWorker-pool-2-thread-2 org.cimmyt.cril.ibwb.provider.helpers.HelperFactor - Level tipo C.
INFO SwingWorker-pool-2-thread-2 org.cimmyt.cril.ibwb.provider.helpers.HelperFactor - Factor Name: DESIGN   FactorId: -1068
INFO SwingWorker-pool-2-thread-2 org.cimmyt.cril.ibwb.provider.helpers.HelperFactor - Cargando Measuredin con tid: 2140 scaleid: 6070 tmethid: 4030
INFO SwingWorker-pool-2-thread-2 org.cimmyt.cril.ibwb.provider.helpers.HelperFactor - Cargando levels del factor: DESIGN labelid: -1083
INFO SwingWorker-pool-2-thread-2 org.cimmyt.cril.ibwb.provider.helpers.HelperFactor - Level tipo C.
INFO SwingWorker-pool-2-thread-2 org.cimmyt.cril.ibwb.provider.helpers.HelperFactor - Factor Name: ENTRY   FactorId: -1086
INFO SwingWorker-pool-2-thread-2 org.cimmyt.cril.ibwb.provider.helpers.HelperFactor - Cargando Measuredin con tid: 2200 scaleid: 6040 tmethid: 4040
INFO SwingWorker-pool-2-thread-2 org.cimmyt.cril.ibwb.provider.helpers.HelperFactor - Cargando levels del factor: ENTRY labelid: -1086
INFO SwingWorker-pool-2-thread-2 org.cimmyt.cril.ibwb.provider.helpers.HelperFactor - Level tipo N.
INFO SwingWorker-pool-2-thread-2 org.cimmyt.cril.ibwb.provider.helpers.HelperFactor - Factor Name: DESIG   FactorId: -1086
INFO SwingWorker-pool-2-thread-2 org.cimmyt.cril.ibwb.provider.helpers.HelperFactor - Cargando Measuredin con tid: 2205 scaleid: 6000 tmethid: 4030
INFO SwingWorker-pool-2-thread-2 org.cimmyt.cril.ibwb.provider.helpers.HelperFactor - Cargando levels del factor: DESIG labelid: -1089
INFO SwingWorker-pool-2-thread-2 org.cimmyt.cril.ibwb.provider.helpers.HelperFactor - Level tipo C.
INFO SwingWorker-pool-2-thread-2 org.cimmyt.cril.ibwb.provider.helpers.HelperFactor - Factor Name: GID   FactorId: -1086
INFO SwingWorker-pool-2-thread-2 org.cimmyt.cril.ibwb.provider.helpers.HelperFactor - Cargando Measuredin con tid: 2205 scaleid: 6010 tmethid: 4030
INFO SwingWorker-pool-2-thread-2 org.cimmyt.cril.ibwb.provider.helpers.HelperFactor - Cargando levels del factor: GID labelid: -1092
INFO SwingWorker-pool-2-thread-2 org.cimmyt.cril.ibwb.provider.helpers.HelperFactor - Level tipo N.
INFO SwingWorker-pool-2-thread-2 org.cimmyt.cril.ibwb.provider.helpers.HelperFactor - Factor Name: CROSS   FactorId: -1086
INFO SwingWorker-pool-2-thread-2 org.cimmyt.cril.ibwb.provider.helpers.HelperFactor - Cargando Measuredin con tid: 2207 scaleid: 6115 tmethid: 4030
INFO SwingWorker-pool-2-thread-2 org.cimmyt.cril.ibwb.provider.helpers.HelperFactor - Cargando levels del factor: CROSS labelid: -1095
INFO SwingWorker-pool-2-thread-2 org.cimmyt.cril.ibwb.provider.helpers.HelperFactor - Level tipo C.
INFO SwingWorker-pool-2-thread-2 org.cimmyt.cril.ibwb.provider.helpers.HelperFactor - Factor Name: SOURCE   FactorId: -1086
INFO SwingWorker-pool-2-thread-2 org.cimmyt.cril.ibwb.provider.helpers.HelperFactor - Cargando Measuredin con tid: 2208 scaleid: 6030 tmethid: 4050
INFO SwingWorker-pool-2-thread-2 org.cimmyt.cril.ibwb.provider.helpers.HelperFactor - Cargando levels del factor: SOURCE labelid: -1098
INFO SwingWorker-pool-2-thread-2 org.cimmyt.cril.ibwb.provider.helpers.HelperFactor - Level tipo C.
INFO SwingWorker-pool-2-thread-2 org.cimmyt.cril.ibwb.provider.helpers.HelperFactor - Factor Name: PLOT   FactorId: -1101
INFO SwingWorker-pool-2-thread-2 org.cimmyt.cril.ibwb.provider.helpers.HelperFactor - Cargando Measuredin con tid: 2120 scaleid: 6045 tmethid: 4040
INFO SwingWorker-pool-2-thread-2 org.cimmyt.cril.ibwb.provider.helpers.HelperFactor - Cargando levels del factor: PLOT labelid: -1101
INFO SwingWorker-pool-2-thread-2 org.cimmyt.cril.ibwb.provider.helpers.HelperFactor - Level tipo N.
INFO SwingWorker-pool-2-thread-2 org.cimmyt.cril.ibwb.provider.helpers.HelperFactor - Factor Name: REP   FactorId: -1101
INFO SwingWorker-pool-2-thread-2 org.cimmyt.cril.ibwb.provider.helpers.HelperFactor - Cargando Measuredin con tid: 2150 scaleid: 6040 tmethid: 4040
INFO SwingWorker-pool-2-thread-2 org.cimmyt.cril.ibwb.provider.helpers.HelperFactor - Cargando levels del factor: REP labelid: -1104
INFO SwingWorker-pool-2-thread-2 org.cimmyt.cril.ibwb.provider.helpers.HelperFactor - Level tipo N.
INFO SwingWorker-pool-2-thread-2 org.cimmyt.cril.ibwb.provider.helpers.HelperFactor - Factor Name: BLOCK   FactorId: -1101
INFO SwingWorker-pool-2-thread-2 org.cimmyt.cril.ibwb.provider.helpers.HelperFactor - Cargando Measuredin con tid: 2160 scaleid: 6040 tmethid: 4040
INFO SwingWorker-pool-2-thread-2 org.cimmyt.cril.ibwb.provider.helpers.HelperFactor - Cargando levels del factor: BLOCK labelid: -1107
INFO SwingWorker-pool-2-thread-2 org.cimmyt.cril.ibwb.provider.helpers.HelperFactor - Level tipo N.
INFO SwingWorker-pool-2-thread-2 org.cimmyt.cril.ibwb.provider.helpers.HelperEffect - Effect vale : -16 factorid: -1068
INFO SwingWorker-pool-2-thread-2 org.cimmyt.cril.ibwb.provider.helpers.HelperEffect - Effect vale : -16 factorid: -1086
INFO SwingWorker-pool-2-thread-2 org.cimmyt.cril.ibwb.provider.helpers.HelperEffect - Effect vale : -16 factorid: -1101
INFO SwingWorker-pool-2-thread-2 org.cimmyt.cril.ibwb.provider.helpers.HelperEffect - Effect vale : -15 factorid: -1035
INFO SwingWorker-pool-2-thread-2 org.cimmyt.cril.ibwb.provider.helpers.HelperFactor - Factor Name: STUDY   FactorId: 0
INFO SwingWorker-pool-2-thread-2 org.cimmyt.cril.ibwb.provider.helpers.HelperFactor - Cargando Measuredin con tid: 2010 scaleid: 6000 tmethid: 4030
INFO SwingWorker-pool-2-thread-2 org.cimmyt.cril.ibwb.provider.helpers.HelperFactor - Factor Name: TRIAL   FactorId: 0
INFO SwingWorker-pool-2-thread-2 org.cimmyt.cril.ibwb.provider.helpers.HelperFactor - Cargando Measuredin con tid: 2100 scaleid: 6040 tmethid: 4040
INFO SwingWorker-pool-2-thread-2 org.cimmyt.cril.ibwb.provider.helpers.HelperFactor - Factor Name: ENTRY   FactorId: 0
INFO SwingWorker-pool-2-thread-2 org.cimmyt.cril.ibwb.provider.helpers.HelperFactor - Cargando Measuredin con tid: 2200 scaleid: 6040 tmethid: 4040
INFO SwingWorker-pool-2-thread-2 org.cimmyt.cril.ibwb.provider.helpers.HelperFactor - Factor Name: PLOT   FactorId: 0
INFO SwingWorker-pool-2-thread-2 org.cimmyt.cril.ibwb.provider.helpers.HelperFactor - Cargando Measuredin con tid: 2120 scaleid: 6045 tmethid: 4040
INFO SwingWorker-pool-2-thread-2 org.cimmyt.cril.ibwb.provider.helpers.HelperWorkbookRead - fill all variate as traits
INFO SwingWorker-pool-2-thread-2 org.cimmyt.cril.ibwb.provider.helpers.HelperVariate - Filling variate: AD  VariateId: -1110
INFO SwingWorker-pool-2-thread-2 org.cimmyt.cril.ibwb.provider.helpers.HelperVariate - Filling variate: ASI  VariateId: -1113
INFO SwingWorker-pool-2-thread-2 org.cimmyt.cril.ibwb.provider.helpers.HelperVariate - Filling variate: CHILO  VariateId: -1116
INFO SwingWorker-pool-2-thread-2 org.cimmyt.cril.ibwb.provider.helpers.HelperVariate - Filling variate: CRUST  VariateId: -1119
INFO SwingWorker-pool-2-thread-2 org.cimmyt.cril.ibwb.provider.helpers.HelperVariate - Filling variate: CSMUT  VariateId: -1122
INFO SwingWorker-pool-2-thread-2 org.cimmyt.cril.ibwb.provider.helpers.HelperVariate - Filling variate: CORNST  VariateId: -1125
INFO SwingWorker-pool-2-thread-2 org.cimmyt.cril.ibwb.provider.helpers.HelperVariate - Filling variate: CVLSPOT  VariateId: -1128
INFO SwingWorker-pool-2-thread-2 org.cimmyt.cril.ibwb.provider.helpers.HelperVariate - Filling variate: EarAsp  VariateId: -1131
INFO SwingWorker-pool-2-thread-2 org.cimmyt.cril.ibwb.provider.helpers.HelperVariate - Filling variate: EDAMAGE  VariateId: -1134
INFO SwingWorker-pool-2-thread-2 org.cimmyt.cril.ibwb.provider.helpers.HelperVariate - Filling variate: EH  VariateId: -1137
INFO SwingWorker-pool-2-thread-2 org.cimmyt.cril.ibwb.provider.helpers.HelperVariate - Filling variate: ENDO  VariateId: -1140
INFO SwingWorker-pool-2-thread-2 org.cimmyt.cril.ibwb.provider.helpers.HelperVariate - Filling variate: EPH  VariateId: -1143
INFO SwingWorker-pool-2-thread-2 org.cimmyt.cril.ibwb.provider.helpers.HelperVariate - Filling variate: EPP  VariateId: -1146
INFO SwingWorker-pool-2-thread-2 org.cimmyt.cril.ibwb.provider.helpers.HelperVariate - Filling variate: FEARROT  VariateId: -1149
INFO SwingWorker-pool-2-thread-2 org.cimmyt.cril.ibwb.provider.helpers.HelperVariate - Filling variate: FMEROT  VariateId: -1152
INFO SwingWorker-pool-2-thread-2 org.cimmyt.cril.ibwb.provider.helpers.HelperVariate - Filling variate: FMSROT  VariateId: -1155
INFO SwingWorker-pool-2-thread-2 org.cimmyt.cril.ibwb.provider.helpers.HelperVariate - Filling variate: FSROT  VariateId: -1158
INFO SwingWorker-pool-2-thread-2 org.cimmyt.cril.ibwb.provider.helpers.HelperVariate - Filling variate: FUNGAL  VariateId: -1161
INFO SwingWorker-pool-2-thread-2 org.cimmyt.cril.ibwb.provider.helpers.HelperVariate - Filling variate: GLS  VariateId: -1164
INFO SwingWorker-pool-2-thread-2 org.cimmyt.cril.ibwb.provider.helpers.HelperVariate - Filling variate: GRCOLOR  VariateId: -1167
INFO SwingWorker-pool-2-thread-2 org.cimmyt.cril.ibwb.provider.helpers.HelperVariate - Filling variate: GTEXT  VariateId: -1170
INFO SwingWorker-pool-2-thread-2 org.cimmyt.cril.ibwb.provider.helpers.HelperVariate - Filling variate: GY  VariateId: -1173
INFO SwingWorker-pool-2-thread-2 org.cimmyt.cril.ibwb.provider.helpers.HelperVariate - Filling variate: HEADSMU  VariateId: -1176
INFO SwingWorker-pool-2-thread-2 org.cimmyt.cril.ibwb.provider.helpers.HelperVariate - Filling variate: KERNELA  VariateId: -1179
INFO SwingWorker-pool-2-thread-2 org.cimmyt.cril.ibwb.provider.helpers.HelperVariate - Filling variate: KERNELR  VariateId: -1182
INFO SwingWorker-pool-2-thread-2 org.cimmyt.cril.ibwb.provider.helpers.HelperVariate - Filling variate: KERNELT  VariateId: -1185
INFO SwingWorker-pool-2-thread-2 org.cimmyt.cril.ibwb.provider.helpers.HelperVariate - Filling variate: LR  VariateId: -1188
INFO SwingWorker-pool-2-thread-2 org.cimmyt.cril.ibwb.provider.helpers.HelperVariate - Filling variate: MD  VariateId: -1191
INFO SwingWorker-pool-2-thread-2 org.cimmyt.cril.ibwb.provider.helpers.HelperVariate - Filling variate: MILDEW  VariateId: -1194
INFO SwingWorker-pool-2-thread-2 org.cimmyt.cril.ibwb.provider.helpers.HelperVariate - Filling variate: MLB  VariateId: -1197
INFO SwingWorker-pool-2-thread-2 org.cimmyt.cril.ibwb.provider.helpers.HelperVariate - Filling variate: MOI  VariateId: -1200
INFO SwingWorker-pool-2-thread-2 org.cimmyt.cril.ibwb.provider.helpers.HelperVariate - Filling variate: NCBL  VariateId: -1203
INFO SwingWorker-pool-2-thread-2 org.cimmyt.cril.ibwb.provider.helpers.HelperVariate - Filling variate: nP  VariateId: -1206
INFO SwingWorker-pool-2-thread-2 org.cimmyt.cril.ibwb.provider.helpers.HelperVariate - Filling variate: pBHC  VariateId: -1209
INFO SwingWorker-pool-2-thread-2 org.cimmyt.cril.ibwb.provider.helpers.HelperVariate - Filling variate: pDMV  VariateId: -1212
INFO SwingWorker-pool-2-thread-2 org.cimmyt.cril.ibwb.provider.helpers.HelperVariate - Filling variate: pEARROT  VariateId: -1215
INFO SwingWorker-pool-2-thread-2 org.cimmyt.cril.ibwb.provider.helpers.HelperVariate - Filling variate: PH  VariateId: -1218
INFO SwingWorker-pool-2-thread-2 org.cimmyt.cril.ibwb.provider.helpers.HelperVariate - Filling variate: PLTASP  VariateId: -1221
INFO SwingWorker-pool-2-thread-2 org.cimmyt.cril.ibwb.provider.helpers.HelperVariate - Filling variate: pMSV  VariateId: -1224
INFO SwingWorker-pool-2-thread-2 org.cimmyt.cril.ibwb.provider.helpers.HelperVariate - Filling variate: POLRUST  VariateId: -1227
INFO SwingWorker-pool-2-thread-2 org.cimmyt.cril.ibwb.provider.helpers.HelperVariate - Filling variate: Prl  VariateId: -1230
INFO SwingWorker-pool-2-thread-2 org.cimmyt.cril.ibwb.provider.helpers.HelperVariate - Filling variate: pSL  VariateId: -1233
INFO SwingWorker-pool-2-thread-2 org.cimmyt.cril.ibwb.provider.helpers.HelperVariate - Filling variate: RELGY  VariateId: -1236
INFO SwingWorker-pool-2-thread-2 org.cimmyt.cril.ibwb.provider.helpers.HelperVariate - Filling variate: RUST  VariateId: -1239
INFO SwingWorker-pool-2-thread-2 org.cimmyt.cril.ibwb.provider.helpers.HelperVariate - Filling variate: SD  VariateId: -1242
INFO SwingWorker-pool-2-thread-2 org.cimmyt.cril.ibwb.provider.helpers.HelperVariate - Filling variate: SEN  VariateId: -1245
INFO SwingWorker-pool-2-thread-2 org.cimmyt.cril.ibwb.provider.helpers.HelperVariate - Filling variate: STALKROT  VariateId: -1248
INFO SwingWorker-pool-2-thread-2 org.cimmyt.cril.ibwb.provider.helpers.HelperVariate - Filling variate: STEMBOR  VariateId: -1251
INFO SwingWorker-pool-2-thread-2 org.cimmyt.cril.ibwb.provider.helpers.HelperVariate - Filling variate: TASSEL  VariateId: -1254
INFO SwingWorker-pool-2-thread-2 org.cimmyt.cril.ibwb.provider.helpers.HelperVariate - Filling variate: WEEVIL  VariateId: -1257
INFO SwingWorker-pool-2-thread-2 org.cimmyt.cril.ibwb.provider.helpers.HelperVariate - Filling variate: Environment  VariateId: -1053
INFO SwingWorker-pool-2-thread-2 org.cimmyt.cril.ibwb.provider.helpers.HelperVariate - Filling variate: Plot size  VariateId: -1056
INFO SwingWorker-pool-2-thread-2 org.cimmyt.cril.ibwb.provider.helpers.HelperVariate - Filling variate: Field Management  VariateId: -1059
INFO SwingWorker-pool-2-thread-2 org.cimmyt.cril.ibwb.provider.helpers.HelperWorkbookRead - Filling Study Conditions Data....
INFO SwingWorker-pool-2-thread-2 org.cimmyt.cril.ibwb.provider.helpers.HelperWorkbookRead - Filling Study Conditions DONE!!!!
INFO SwingWorker-pool-2-thread-2 org.cimmyt.cril.ibwb.provider.helpers.HelperWorkbookRead - Filling Trial Conditions Data....
INFO SwingWorker-pool-2-thread-2 org.cimmyt.cril.ibwb.provider.helpers.HelperWorkbookRead - Filling Trial Conditions DONE!!!!....
INFO SwingWorker-pool-2-thread-2 org.cimmyt.cril.ibwb.provider.helpers.HelperWorkbookRead - Filling Trial Germplasm Data....
INFO SwingWorker-pool-2-thread-2 org.cimmyt.cril.ibwb.provider.helpers.HelperWorkbookRead - Filling Trial Germplasm DONE!!!
INFO SwingWorker-pool-2-thread-2 org.cimmyt.cril.ibwb.provider.helpers.HelperWorkbookRead - Filling Observations Data....
INFO SwingWorker-pool-2-thread-2 org.cimmyt.cril.ibwb.provider.helpers.HelperWorkbookRead - filling FactorLabelData... 
INFO SwingWorker-pool-2-thread-2 org.cimmyt.cril.ibwb.provider.dao.helpers.HelperWorkbookReader - Getting trial randomization fast
INFO SwingWorker-pool-2-thread-2 org.cimmyt.cril.ibwb.provider.dao.helpers.HelperWorkbookReader - Definiendo orden de busquedas
INFO SwingWorker-pool-2-thread-2 org.cimmyt.cril.ibwb.provider.dao.helpers.HelperWorkbookReader - Getting trial randomization fast.... DONE
INFO SwingWorker-pool-2-thread-2 org.cimmyt.cril.ibwb.provider.dao.helpers.HelperWorkbookReader - Getting variates fast....
INFO SwingWorker-pool-2-thread-2 org.cimmyt.cril.ibwb.provider.dao.helpers.HelperWorkbookReader - Getting variates fast.... DONE
INFO SwingWorker-pool-2-thread-2 org.cimmyt.cril.ibwb.provider.helpers.HelperWorkbookRead - filling FactorLabelData DONE... 
INFO SwingWorker-pool-2-thread-2 org.cimmyt.cril.ibwb.provider.helpers.HelperWorkbookRead - Filling Observations Data DONE!!!
